---------------------------------------------------------------
[2019-04-26T10:50:15+08:00] ::1 GET www.tpdachuang.com/index.php/index/Demo7/test4?page=816
[运行时间：0.127351s] [吞吐率：7.85req/s] [内存消耗：2,475.27kb] [文件加载：77]
[ info ] [ LANG ] F:\PHPTutorial\WWW\tpdachuang\thinkphp\lang\zh-cn.php
[ info ] [ ROUTE ] array (
)
[ info ] [ HEADER ] array (
  'cookie' => 'thinkphp_show_page_trace=0|0; pgv_pvi=7170657280; thinkphp_show_page_trace=1|1',
  'accept-language' => 'zh-CN,zh;q=0.9',
  'accept-encoding' => 'gzip, deflate',
  'referer' => 'http://www.tpdachuang.com/index.php/index/Demo7/test4?page=2',
  'accept' => 'text/html,application/xhtml+xml,application/xml;q=0.9,image/webp,image/apng,*/*;q=0.8,application/signed-exchange;v=b3',
  'user-agent' => 'Mozilla/5.0 (Windows NT 10.0; Win64; x64) AppleWebKit/537.36 (KHTML, like Gecko) Chrome/73.0.3683.75 Safari/537.36',
  'upgrade-insecure-requests' => '1',
  'cache-control' => 'max-age=0',
  'connection' => 'close',
  'host' => 'www.tpdachuang.com',
)
[ info ] [ PARAM ] array (
  'page' => '816',
)
[ info ] [ DB ] INIT mysql
[ info ] [ VIEW ] F:\PHPTutorial\WWW\tpdachuang\application\index\view\demo7\test4.html [ array (
  0 => 'data',
) ]
[ sql ] [ DB ] CONNECT:[ UseTime:0.004122s ] mysql:host=127.0.0.1;dbname=world;charset=utf8
[ sql ] [ SQL ] SHOW COLUMNS FROM `city` [ RunTime:0.002393s ]
[ sql ] [ SQL ] SELECT COUNT(*) AS tp_count FROM `city` LIMIT 1 [ RunTime:0.001836s ]
[ sql ] [ SQL ] SELECT * FROM `city` LIMIT 4075,5 [ RunTime:0.003859s ]
---------------------------------------------------------------
[2019-04-26T10:50:37+08:00] ::1 GET www.tpdachuang.com/
[运行时间：0.114309s] [吞吐率：8.75req/s] [内存消耗：2,019.19kb] [文件加载：61]
[ info ] [ LANG ] F:\PHPTutorial\WWW\tpdachuang\thinkphp\lang\zh-cn.php
[ info ] [ ROUTE ] array (
)
[ info ] [ HEADER ] array (
  'cookie' => 'pgv_pvi=7170657280; thinkphp_show_page_trace=1|1',
  'accept-language' => 'zh-CN,zh;q=0.9',
  'accept-encoding' => 'gzip, deflate',
  'accept' => 'text/html,application/xhtml+xml,application/xml;q=0.9,image/webp,image/apng,*/*;q=0.8,application/signed-exchange;v=b3',
  'user-agent' => 'Mozilla/5.0 (Windows NT 10.0; Win64; x64) AppleWebKit/537.36 (KHTML, like Gecko) Chrome/73.0.3683.75 Safari/537.36',
  'upgrade-insecure-requests' => '1',
  'cache-control' => 'max-age=0',
  'connection' => 'close',
  'host' => 'www.tpdachuang.com',
)
[ info ] [ PARAM ] array (
)
[ info ] [ VIEW ] F:\PHPTutorial\WWW\tpdachuang\application\index\view\index\index.html [ array (
) ]
---------------------------------------------------------------
[2019-04-26T10:50:38+08:00] ::1 GET www.tpdachuang.com/
[运行时间：0.109973s] [吞吐率：9.09req/s] [内存消耗：2,019.19kb] [文件加载：61]
[ info ] [ LANG ] F:\PHPTutorial\WWW\tpdachuang\thinkphp\lang\zh-cn.php
[ info ] [ ROUTE ] array (
)
[ info ] [ HEADER ] array (
  'cookie' => 'pgv_pvi=7170657280; thinkphp_show_page_trace=1|1',
  'accept-language' => 'zh-CN,zh;q=0.9',
  'accept-encoding' => 'gzip, deflate',
  'accept' => 'text/html,application/xhtml+xml,application/xml;q=0.9,image/webp,image/apng,*/*;q=0.8,application/signed-exchange;v=b3',
  'user-agent' => 'Mozilla/5.0 (Windows NT 10.0; Win64; x64) AppleWebKit/537.36 (KHTML, like Gecko) Chrome/73.0.3683.75 Safari/537.36',
  'upgrade-insecure-requests' => '1',
  'cache-control' => 'max-age=0',
  'connection' => 'close',
  'host' => 'www.tpdachuang.com',
)
[ info ] [ PARAM ] array (
)
[ info ] [ VIEW ] F:\PHPTutorial\WWW\tpdachuang\application\index\view\index\index.html [ array (
) ]
---------------------------------------------------------------
[2019-04-26T10:50:38+08:00] ::1 GET www.tpdachuang.com/
[运行时间：0.120941s] [吞吐率：8.27req/s] [内存消耗：2,019.19kb] [文件加载：61]
[ info ] [ LANG ] F:\PHPTutorial\WWW\tpdachuang\thinkphp\lang\zh-cn.php
[ info ] [ ROUTE ] array (
)
[ info ] [ HEADER ] array (
  'cookie' => 'pgv_pvi=7170657280; thinkphp_show_page_trace=1|1',
  'accept-language' => 'zh-CN,zh;q=0.9',
  'accept-encoding' => 'gzip, deflate',
  'accept' => 'text/html,application/xhtml+xml,application/xml;q=0.9,image/webp,image/apng,*/*;q=0.8,application/signed-exchange;v=b3',
  'user-agent' => 'Mozilla/5.0 (Windows NT 10.0; Win64; x64) AppleWebKit/537.36 (KHTML, like Gecko) Chrome/73.0.3683.75 Safari/537.36',
  'upgrade-insecure-requests' => '1',
  'cache-control' => 'max-age=0',
  'connection' => 'close',
  'host' => 'www.tpdachuang.com',
)
[ info ] [ PARAM ] array (
)
[ info ] [ VIEW ] F:\PHPTutorial\WWW\tpdachuang\application\index\view\index\index.html [ array (
) ]
---------------------------------------------------------------
[2019-04-26T10:50:38+08:00] ::1 GET www.tpdachuang.com/
[运行时间：0.126920s] [吞吐率：7.88req/s] [内存消耗：2,019.19kb] [文件加载：61]
[ info ] [ LANG ] F:\PHPTutorial\WWW\tpdachuang\thinkphp\lang\zh-cn.php
[ info ] [ ROUTE ] array (
)
[ info ] [ HEADER ] array (
  'cookie' => 'pgv_pvi=7170657280; thinkphp_show_page_trace=1|1',
  'accept-language' => 'zh-CN,zh;q=0.9',
  'accept-encoding' => 'gzip, deflate',
  'accept' => 'text/html,application/xhtml+xml,application/xml;q=0.9,image/webp,image/apng,*/*;q=0.8,application/signed-exchange;v=b3',
  'user-agent' => 'Mozilla/5.0 (Windows NT 10.0; Win64; x64) AppleWebKit/537.36 (KHTML, like Gecko) Chrome/73.0.3683.75 Safari/537.36',
  'upgrade-insecure-requests' => '1',
  'cache-control' => 'max-age=0',
  'connection' => 'close',
  'host' => 'www.tpdachuang.com',
)
[ info ] [ PARAM ] array (
)
[ info ] [ VIEW ] F:\PHPTutorial\WWW\tpdachuang\application\index\view\index\index.html [ array (
) ]
---------------------------------------------------------------
[2019-04-26T10:52:50+08:00] ::1 GET www.tpdachuang.com/index.php/index/Demo5/find
[运行时间：0.117346s] [吞吐率：8.52req/s] [内存消耗：2,013.45kb] [文件加载：64]
[ info ] [ LANG ] F:\PHPTutorial\WWW\tpdachuang\thinkphp\lang\zh-cn.php
[ info ] [ ROUTE ] array (
)
[ info ] [ HEADER ] array (
  'cookie' => 'thinkphp_show_page_trace=0|0; pgv_pvi=7170657280; thinkphp_show_page_trace=1|1',
  'accept-language' => 'zh-CN,zh;q=0.9',
  'accept-encoding' => 'gzip, deflate',
  'accept' => 'text/html,application/xhtml+xml,application/xml;q=0.9,image/webp,image/apng,*/*;q=0.8,application/signed-exchange;v=b3',
  'user-agent' => 'Mozilla/5.0 (Windows NT 10.0; Win64; x64) AppleWebKit/537.36 (KHTML, like Gecko) Chrome/73.0.3683.75 Safari/537.36',
  'upgrade-insecure-requests' => '1',
  'connection' => 'close',
  'host' => 'www.tpdachuang.com',
)
[ info ] [ PARAM ] array (
)
[ info ] [ DB ] INIT mysql
[ sql ] [ DB ] CONNECT:[ UseTime:0.002563s ] mysql:host=127.0.0.1;dbname=world;charset=utf8
[ sql ] [ SQL ] SHOW COLUMNS FROM `city` [ RunTime:0.002653s ]
[ sql ] [ SQL ] SELECT `ID` AS `id`,`Name` AS `name` FROM `city` WHERE  `id` = '4' LIMIT 1 [ RunTime:0.001373s ]
[ sql ] [ SQL ] SELECT `ID` AS `id`,`Name` AS `name` FROM `city` WHERE  `ID` = 6 LIMIT 1 [ RunTime:0.000832s ]
---------------------------------------------------------------
[2019-04-26T10:52:58+08:00] ::1 GET www.tpdachuang.com/index.php/index.php
[运行时间：0.077802s] [吞吐率：12.85req/s] [内存消耗：1,055.80kb] [文件加载：55]
[ info ] [ LANG ] F:\PHPTutorial\WWW\tpdachuang\thinkphp\lang\zh-cn.php
---------------------------------------------------------------
[2019-04-26T10:53:25+08:00] ::1 GET www.tpdachuang.com/
[运行时间：0.115545s] [吞吐率：8.65req/s] [内存消耗：2,018.91kb] [文件加载：61]
[ info ] [ LANG ] F:\PHPTutorial\WWW\tpdachuang\thinkphp\lang\zh-cn.php
[ info ] [ ROUTE ] array (
)
[ info ] [ HEADER ] array (
  'cookie' => 'pgv_pvi=7170657280; thinkphp_show_page_trace=1|1',
  'accept-language' => 'zh-CN,zh;q=0.9',
  'accept-encoding' => 'gzip, deflate',
  'accept' => 'text/html,application/xhtml+xml,application/xml;q=0.9,image/webp,image/apng,*/*;q=0.8,application/signed-exchange;v=b3',
  'user-agent' => 'Mozilla/5.0 (Windows NT 10.0; Win64; x64) AppleWebKit/537.36 (KHTML, like Gecko) Chrome/73.0.3683.75 Safari/537.36',
  'upgrade-insecure-requests' => '1',
  'connection' => 'close',
  'host' => 'www.tpdachuang.com',
)
[ info ] [ PARAM ] array (
)
[ info ] [ VIEW ] F:\PHPTutorial\WWW\tpdachuang\application\index\view\index\index.html [ array (
) ]
---------------------------------------------------------------
[2019-04-26T10:55:30+08:00] ::1 GET www.tpdachuang.com/
[运行时间：0.185606s] [吞吐率：5.39req/s] [内存消耗：4,252.97kb] [文件加载：63]
[ info ] [ LANG ] F:\PHPTutorial\WWW\tpdachuang\thinkphp\lang\zh-cn.php
[ info ] [ ROUTE ] array (
)
[ info ] [ HEADER ] array (
  'cookie' => 'pgv_pvi=7170657280; thinkphp_show_page_trace=1|1',
  'accept-language' => 'zh-CN,zh;q=0.9',
  'accept-encoding' => 'gzip, deflate',
  'accept' => 'text/html,application/xhtml+xml,application/xml;q=0.9,image/webp,image/apng,*/*;q=0.8,application/signed-exchange;v=b3',
  'user-agent' => 'Mozilla/5.0 (Windows NT 10.0; Win64; x64) AppleWebKit/537.36 (KHTML, like Gecko) Chrome/73.0.3683.75 Safari/537.36',
  'upgrade-insecure-requests' => '1',
  'cache-control' => 'max-age=0',
  'connection' => 'close',
  'host' => 'www.tpdachuang.com',
)
[ info ] [ PARAM ] array (
)
[ info ] [ VIEW ] F:\PHPTutorial\WWW\tpdachuang\application\index\view\index\index.html [ array (
) ]
---------------------------------------------------------------
[2019-04-26T11:37:29+08:00] ::1 GET www.tpdachuang.com/
[运行时间：0.189916s] [吞吐率：5.27req/s] [内存消耗：4,248.97kb] [文件加载：63]
[ info ] [ LANG ] F:\PHPTutorial\WWW\tpdachuang\thinkphp\lang\zh-cn.php
[ info ] [ ROUTE ] array (
)
[ info ] [ HEADER ] array (
  'cookie' => 'pgv_pvi=7170657280; thinkphp_show_page_trace=1|1',
  'accept-language' => 'zh-CN,zh;q=0.9',
  'accept-encoding' => 'gzip, deflate',
  'accept' => 'text/html,application/xhtml+xml,application/xml;q=0.9,image/webp,image/apng,*/*;q=0.8,application/signed-exchange;v=b3',
  'user-agent' => 'Mozilla/5.0 (Windows NT 10.0; Win64; x64) AppleWebKit/537.36 (KHTML, like Gecko) Chrome/73.0.3683.75 Safari/537.36',
  'upgrade-insecure-requests' => '1',
  'cache-control' => 'max-age=0',
  'connection' => 'close',
  'host' => 'www.tpdachuang.com',
)
[ info ] [ PARAM ] array (
)
[ info ] [ VIEW ] F:\PHPTutorial\WWW\tpdachuang\application\index\view\index\index.html [ array (
) ]
---------------------------------------------------------------
[2019-04-26T11:52:07+08:00] ::1 GET www.tpdachuang.com/
[运行时间：0.159134s] [吞吐率：6.28req/s] [内存消耗：4,252.97kb] [文件加载：63]
[ info ] [ LANG ] F:\PHPTutorial\WWW\tpdachuang\thinkphp\lang\zh-cn.php
[ info ] [ ROUTE ] array (
)
[ info ] [ HEADER ] array (
  'cookie' => 'pgv_pvi=7170657280; thinkphp_show_page_trace=1|1',
  'accept-language' => 'zh-CN,zh;q=0.9',
  'accept-encoding' => 'gzip, deflate',
  'accept' => 'text/html,application/xhtml+xml,application/xml;q=0.9,image/webp,image/apng,*/*;q=0.8,application/signed-exchange;v=b3',
  'user-agent' => 'Mozilla/5.0 (Windows NT 10.0; Win64; x64) AppleWebKit/537.36 (KHTML, like Gecko) Chrome/73.0.3683.75 Safari/537.36',
  'upgrade-insecure-requests' => '1',
  'cache-control' => 'max-age=0',
  'connection' => 'close',
  'host' => 'www.tpdachuang.com',
)
[ info ] [ PARAM ] array (
)
[ info ] [ VIEW ] F:\PHPTutorial\WWW\tpdachuang\application\index\view\index\index.html [ array (
) ]
---------------------------------------------------------------
[2019-04-26T12:28:49+08:00] ::1 GET www.tpdachuang.com/index.php/index/Demo8%E3%80%81test
[运行时间：0.068394s] [吞吐率：14.62req/s] [内存消耗：1,035.14kb] [文件加载：54]
[ info ] [ LANG ] F:\PHPTutorial\WWW\tpdachuang\thinkphp\lang\zh-cn.php
---------------------------------------------------------------
[2019-04-26T12:28:56+08:00] ::1 GET www.tpdachuang.com/index.php/index/Demo8/test1
[运行时间：0.115718s] [吞吐率：8.64req/s] [内存消耗：1,372.59kb] [文件加载：64]
[ info ] [ LANG ] F:\PHPTutorial\WWW\tpdachuang\thinkphp\lang\zh-cn.php
[ info ] [ ROUTE ] array (
)
[ info ] [ HEADER ] array (
  'cookie' => 'thinkphp_show_page_trace=1|1; thinkphp_show_page_trace=1|1; pgv_pvi=7170657280; thinkphp_show_page_trace=0|1',
  'accept-language' => 'zh-CN,zh;q=0.9',
  'accept-encoding' => 'gzip, deflate',
  'accept' => 'text/html,application/xhtml+xml,application/xml;q=0.9,image/webp,image/apng,*/*;q=0.8,application/signed-exchange;v=b3',
  'user-agent' => 'Mozilla/5.0 (Windows NT 10.0; Win64; x64) AppleWebKit/537.36 (KHTML, like Gecko) Chrome/73.0.3683.75 Safari/537.36',
  'upgrade-insecure-requests' => '1',
  'connection' => 'close',
  'host' => 'www.tpdachuang.com',
)
[ info ] [ PARAM ] array (
)
[ info ] [ VIEW ] F:\PHPTutorial\WWW\tpdachuang\application\index\view\demo8\test1.html [ array (
) ]
[ error ] [0]模板文件不存在:F:\PHPTutorial\WWW\tpdachuang\application\index\view\layout.html[F:\PHPTutorial\WWW\tpdachuang\thinkphp\library\think\Template.php:1243]
---------------------------------------------------------------
[2019-04-26T12:30:27+08:00] ::1 GET www.tpdachuang.com/index.php/index/Demo8/test1
[运行时间：0.099544s] [吞吐率：10.05req/s] [内存消耗：1,462.41kb] [文件加载：63]
[ info ] [ LANG ] F:\PHPTutorial\WWW\tpdachuang\thinkphp\lang\zh-cn.php
[ info ] [ ROUTE ] array (
)
[ info ] [ HEADER ] array (
  'cookie' => 'thinkphp_show_page_trace=1|1; thinkphp_show_page_trace=1|1; thinkphp_show_page_trace=1|1; pgv_pvi=7170657280; thinkphp_show_page_trace=0|1',
  'accept-language' => 'zh-CN,zh;q=0.9',
  'accept-encoding' => 'gzip, deflate',
  'accept' => 'text/html,application/xhtml+xml,application/xml;q=0.9,image/webp,image/apng,*/*;q=0.8,application/signed-exchange;v=b3',
  'user-agent' => 'Mozilla/5.0 (Windows NT 10.0; Win64; x64) AppleWebKit/537.36 (KHTML, like Gecko) Chrome/73.0.3683.75 Safari/537.36',
  'upgrade-insecure-requests' => '1',
  'cache-control' => 'max-age=0',
  'connection' => 'close',
  'host' => 'www.tpdachuang.com',
)
[ info ] [ PARAM ] array (
)
[ info ] [ VIEW ] F:\PHPTutorial\WWW\tpdachuang\application\index\view\demo8\test1.html [ array (
) ]
---------------------------------------------------------------
[2019-04-26T12:31:22+08:00] ::1 GET www.tpdachuang.com/index.php/index/Demo8/test1
[运行时间：0.075989s] [吞吐率：13.16req/s] [内存消耗：1,352.29kb] [文件加载：61]
[ info ] [ LANG ] F:\PHPTutorial\WWW\tpdachuang\thinkphp\lang\zh-cn.php
[ info ] [ ROUTE ] array (
)
[ info ] [ HEADER ] array (
  'cookie' => 'thinkphp_show_page_trace=1|1; thinkphp_show_page_trace=1|1; thinkphp_show_page_trace=1|1; pgv_pvi=7170657280; thinkphp_show_page_trace=0|1',
  'accept-language' => 'zh-CN,zh;q=0.9',
  'accept-encoding' => 'gzip, deflate',
  'accept' => 'text/html,application/xhtml+xml,application/xml;q=0.9,image/webp,image/apng,*/*;q=0.8,application/signed-exchange;v=b3',
  'user-agent' => 'Mozilla/5.0 (Windows NT 10.0; Win64; x64) AppleWebKit/537.36 (KHTML, like Gecko) Chrome/73.0.3683.75 Safari/537.36',
  'upgrade-insecure-requests' => '1',
  'cache-control' => 'max-age=0',
  'connection' => 'close',
  'host' => 'www.tpdachuang.com',
)
[ info ] [ PARAM ] array (
)
[ info ] [ VIEW ] F:\PHPTutorial\WWW\tpdachuang\application\index\view\demo8\test1.html [ array (
) ]
---------------------------------------------------------------
[2019-04-26T12:31:23+08:00] ::1 GET www.tpdachuang.com/index.php/index/Demo8/test1
[运行时间：0.070281s] [吞吐率：14.23req/s] [内存消耗：1,352.29kb] [文件加载：61]
[ info ] [ LANG ] F:\PHPTutorial\WWW\tpdachuang\thinkphp\lang\zh-cn.php
[ info ] [ ROUTE ] array (
)
[ info ] [ HEADER ] array (
  'cookie' => 'thinkphp_show_page_trace=1|1; thinkphp_show_page_trace=1|1; thinkphp_show_page_trace=1|1; pgv_pvi=7170657280; thinkphp_show_page_trace=0|1',
  'accept-language' => 'zh-CN,zh;q=0.9',
  'accept-encoding' => 'gzip, deflate',
  'accept' => 'text/html,application/xhtml+xml,application/xml;q=0.9,image/webp,image/apng,*/*;q=0.8,application/signed-exchange;v=b3',
  'user-agent' => 'Mozilla/5.0 (Windows NT 10.0; Win64; x64) AppleWebKit/537.36 (KHTML, like Gecko) Chrome/73.0.3683.75 Safari/537.36',
  'upgrade-insecure-requests' => '1',
  'cache-control' => 'max-age=0',
  'connection' => 'close',
  'host' => 'www.tpdachuang.com',
)
[ info ] [ PARAM ] array (
)
[ info ] [ VIEW ] F:\PHPTutorial\WWW\tpdachuang\application\index\view\demo8\test1.html [ array (
) ]
---------------------------------------------------------------
[2019-04-26T12:31:23+08:00] ::1 GET www.tpdachuang.com/index.php/index/Demo8/test1
[运行时间：0.073152s] [吞吐率：13.67req/s] [内存消耗：1,352.29kb] [文件加载：61]
[ info ] [ LANG ] F:\PHPTutorial\WWW\tpdachuang\thinkphp\lang\zh-cn.php
[ info ] [ ROUTE ] array (
)
[ info ] [ HEADER ] array (
  'cookie' => 'thinkphp_show_page_trace=1|1; thinkphp_show_page_trace=1|1; thinkphp_show_page_trace=1|1; pgv_pvi=7170657280; thinkphp_show_page_trace=0|1',
  'accept-language' => 'zh-CN,zh;q=0.9',
  'accept-encoding' => 'gzip, deflate',
  'accept' => 'text/html,application/xhtml+xml,application/xml;q=0.9,image/webp,image/apng,*/*;q=0.8,application/signed-exchange;v=b3',
  'user-agent' => 'Mozilla/5.0 (Windows NT 10.0; Win64; x64) AppleWebKit/537.36 (KHTML, like Gecko) Chrome/73.0.3683.75 Safari/537.36',
  'upgrade-insecure-requests' => '1',
  'cache-control' => 'max-age=0',
  'connection' => 'close',
  'host' => 'www.tpdachuang.com',
)
[ info ] [ PARAM ] array (
)
[ info ] [ VIEW ] F:\PHPTutorial\WWW\tpdachuang\application\index\view\demo8\test1.html [ array (
) ]
---------------------------------------------------------------
[2019-04-26T12:33:35+08:00] ::1 GET www.tpdachuang.com/index.php/index/Demo8/test1
[运行时间：0.093252s] [吞吐率：10.72req/s] [内存消耗：1,373.27kb] [文件加载：64]
[ info ] [ LANG ] F:\PHPTutorial\WWW\tpdachuang\thinkphp\lang\zh-cn.php
[ info ] [ ROUTE ] array (
)
[ info ] [ HEADER ] array (
  'cookie' => 'thinkphp_show_page_trace=1|1; thinkphp_show_page_trace=1|1; thinkphp_show_page_trace=1|1; pgv_pvi=7170657280; thinkphp_show_page_trace=0|1',
  'accept-language' => 'zh-CN,zh;q=0.9',
  'accept-encoding' => 'gzip, deflate',
  'accept' => 'text/html,application/xhtml+xml,application/xml;q=0.9,image/webp,image/apng,*/*;q=0.8,application/signed-exchange;v=b3',
  'user-agent' => 'Mozilla/5.0 (Windows NT 10.0; Win64; x64) AppleWebKit/537.36 (KHTML, like Gecko) Chrome/73.0.3683.75 Safari/537.36',
  'upgrade-insecure-requests' => '1',
  'cache-control' => 'max-age=0',
  'connection' => 'close',
  'host' => 'www.tpdachuang.com',
)
[ info ] [ PARAM ] array (
)
[ info ] [ VIEW ] F:\PHPTutorial\WWW\tpdachuang\application\index\view\demo8\test1.html [ array (
) ]
[ error ] [0]模板文件不存在:F:\PHPTutorial\WWW\tpdachuang\application\index\view\layout.html[F:\PHPTutorial\WWW\tpdachuang\thinkphp\library\think\Template.php:1243]
---------------------------------------------------------------
[2019-04-26T12:34:59+08:00] ::1 GET www.tpdachuang.com/index.php/index/Demo8/test1
[运行时间：0.088805s] [吞吐率：11.26req/s] [内存消耗：1,462.50kb] [文件加载：63]
[ info ] [ LANG ] F:\PHPTutorial\WWW\tpdachuang\thinkphp\lang\zh-cn.php
[ info ] [ ROUTE ] array (
)
[ info ] [ HEADER ] array (
  'cookie' => 'thinkphp_show_page_trace=1|1; thinkphp_show_page_trace=1|1; thinkphp_show_page_trace=1|1; pgv_pvi=7170657280; thinkphp_show_page_trace=0|1',
  'accept-language' => 'zh-CN,zh;q=0.9',
  'accept-encoding' => 'gzip, deflate',
  'accept' => 'text/html,application/xhtml+xml,application/xml;q=0.9,image/webp,image/apng,*/*;q=0.8,application/signed-exchange;v=b3',
  'user-agent' => 'Mozilla/5.0 (Windows NT 10.0; Win64; x64) AppleWebKit/537.36 (KHTML, like Gecko) Chrome/73.0.3683.75 Safari/537.36',
  'upgrade-insecure-requests' => '1',
  'cache-control' => 'max-age=0',
  'connection' => 'close',
  'host' => 'www.tpdachuang.com',
)
[ info ] [ PARAM ] array (
)
[ info ] [ VIEW ] F:\PHPTutorial\WWW\tpdachuang\application\index\view\demo8\test1.html [ array (
) ]
---------------------------------------------------------------
[2019-04-26T12:50:54+08:00] ::1 GET www.tpdachuang.com/index.php/index/Demo8/test2
[运行时间：0.072885s] [吞吐率：13.72req/s] [内存消耗：1,464.33kb] [文件加载：63]
[ info ] [ LANG ] F:\PHPTutorial\WWW\tpdachuang\thinkphp\lang\zh-cn.php
[ info ] [ ROUTE ] array (
)
[ info ] [ HEADER ] array (
  'cookie' => 'thinkphp_show_page_trace=1|1; thinkphp_show_page_trace=1|1; thinkphp_show_page_trace=1|1; pgv_pvi=7170657280; thinkphp_show_page_trace=0|1',
  'accept-language' => 'zh-CN,zh;q=0.9',
  'accept-encoding' => 'gzip, deflate',
  'accept' => 'text/html,application/xhtml+xml,application/xml;q=0.9,image/webp,image/apng,*/*;q=0.8,application/signed-exchange;v=b3',
  'user-agent' => 'Mozilla/5.0 (Windows NT 10.0; Win64; x64) AppleWebKit/537.36 (KHTML, like Gecko) Chrome/73.0.3683.75 Safari/537.36',
  'upgrade-insecure-requests' => '1',
  'connection' => 'close',
  'host' => 'www.tpdachuang.com',
)
[ info ] [ PARAM ] array (
)
[ info ] [ VIEW ] F:\PHPTutorial\WWW\tpdachuang\application\index\view\demo8\test2.html [ array (
) ]
---------------------------------------------------------------
[2019-04-26T12:55:53+08:00] ::1 GET www.tpdachuang.com/index.php/index/Demo8/test2
[运行时间：0.086492s] [吞吐率：11.56req/s] [内存消耗：1,465.64kb] [文件加载：63]
[ info ] [ LANG ] F:\PHPTutorial\WWW\tpdachuang\thinkphp\lang\zh-cn.php
[ info ] [ ROUTE ] array (
)
[ info ] [ HEADER ] array (
  'cookie' => 'thinkphp_show_page_trace=1|1; thinkphp_show_page_trace=1|1; thinkphp_show_page_trace=1|1; pgv_pvi=7170657280; thinkphp_show_page_trace=0|1',
  'accept-language' => 'zh-CN,zh;q=0.9',
  'accept-encoding' => 'gzip, deflate',
  'accept' => 'text/html,application/xhtml+xml,application/xml;q=0.9,image/webp,image/apng,*/*;q=0.8,application/signed-exchange;v=b3',
  'user-agent' => 'Mozilla/5.0 (Windows NT 10.0; Win64; x64) AppleWebKit/537.36 (KHTML, like Gecko) Chrome/73.0.3683.75 Safari/537.36',
  'upgrade-insecure-requests' => '1',
  'cache-control' => 'max-age=0',
  'connection' => 'close',
  'host' => 'www.tpdachuang.com',
)
[ info ] [ PARAM ] array (
)
[ info ] [ VIEW ] F:\PHPTutorial\WWW\tpdachuang\application\index\view\demo8\test2.html [ array (
) ]
---------------------------------------------------------------
[2019-04-26T15:40:48+08:00] ::1 GET www.tpdachuang.com/index.php/index/Demo9/test1
[运行时间：0.080946s] [吞吐率：12.35req/s] [内存消耗：1,488.75kb] [文件加载：62]
[ info ] [ LANG ] F:\PHPTutorial\WWW\tpdachuang\thinkphp\lang\zh-cn.php
[ info ] [ ROUTE ] array (
)
[ info ] [ HEADER ] array (
  'cookie' => 'thinkphp_show_page_trace=1|1; thinkphp_show_page_trace=1|1; pgv_pvi=7170657280; thinkphp_show_page_trace=0|1',
  'accept-language' => 'zh-CN,zh;q=0.9',
  'accept-encoding' => 'gzip, deflate',
  'accept' => 'text/html,application/xhtml+xml,application/xml;q=0.9,image/webp,image/apng,*/*;q=0.8,application/signed-exchange;v=b3',
  'user-agent' => 'Mozilla/5.0 (Windows NT 10.0; Win64; x64) AppleWebKit/537.36 (KHTML, like Gecko) Chrome/73.0.3683.75 Safari/537.36',
  'upgrade-insecure-requests' => '1',
  'connection' => 'close',
  'host' => 'www.tpdachuang.com',
)
[ info ] [ PARAM ] array (
)
---------------------------------------------------------------
[2019-04-26T15:41:02+08:00] ::1 GET www.tpdachuang.com/index.php/index/Demo9/test1
[运行时间：0.080691s] [吞吐率：12.39req/s] [内存消耗：1,489.39kb] [文件加载：62]
[ info ] [ LANG ] F:\PHPTutorial\WWW\tpdachuang\thinkphp\lang\zh-cn.php
[ info ] [ ROUTE ] array (
)
[ info ] [ HEADER ] array (
  'cookie' => 'thinkphp_show_page_trace=1|1; thinkphp_show_page_trace=1|1; thinkphp_show_page_trace=1|1; pgv_pvi=7170657280; thinkphp_show_page_trace=0|1',
  'accept-language' => 'zh-CN,zh;q=0.9',
  'accept-encoding' => 'gzip, deflate',
  'accept' => 'text/html,application/xhtml+xml,application/xml;q=0.9,image/webp,image/apng,*/*;q=0.8,application/signed-exchange;v=b3',
  'user-agent' => 'Mozilla/5.0 (Windows NT 10.0; Win64; x64) AppleWebKit/537.36 (KHTML, like Gecko) Chrome/73.0.3683.75 Safari/537.36',
  'upgrade-insecure-requests' => '1',
  'cache-control' => 'max-age=0',
  'connection' => 'close',
  'host' => 'www.tpdachuang.com',
)
[ info ] [ PARAM ] array (
)
---------------------------------------------------------------
[2019-04-26T15:41:27+08:00] ::1 GET www.tpdachuang.com/index.php/index/Demo9/test1
[运行时间：0.077443s] [吞吐率：12.91req/s] [内存消耗：1,489.45kb] [文件加载：62]
[ info ] [ LANG ] F:\PHPTutorial\WWW\tpdachuang\thinkphp\lang\zh-cn.php
[ info ] [ ROUTE ] array (
)
[ info ] [ HEADER ] array (
  'cookie' => 'thinkphp_show_page_trace=1|1; thinkphp_show_page_trace=1|1; thinkphp_show_page_trace=1|1; pgv_pvi=7170657280; thinkphp_show_page_trace=0|1',
  'accept-language' => 'zh-CN,zh;q=0.9',
  'accept-encoding' => 'gzip, deflate',
  'accept' => 'text/html,application/xhtml+xml,application/xml;q=0.9,image/webp,image/apng,*/*;q=0.8,application/signed-exchange;v=b3',
  'user-agent' => 'Mozilla/5.0 (Windows NT 10.0; Win64; x64) AppleWebKit/537.36 (KHTML, like Gecko) Chrome/73.0.3683.75 Safari/537.36',
  'upgrade-insecure-requests' => '1',
  'cache-control' => 'max-age=0',
  'connection' => 'close',
  'host' => 'www.tpdachuang.com',
)
[ info ] [ PARAM ] array (
)
---------------------------------------------------------------
[2019-04-26T15:41:39+08:00] ::1 GET www.tpdachuang.com/index.php/index/Demo9/test1
[运行时间：0.093598s] [吞吐率：10.68req/s] [内存消耗：1,489.40kb] [文件加载：62]
[ info ] [ LANG ] F:\PHPTutorial\WWW\tpdachuang\thinkphp\lang\zh-cn.php
[ info ] [ ROUTE ] array (
)
[ info ] [ HEADER ] array (
  'cookie' => 'thinkphp_show_page_trace=1|1; thinkphp_show_page_trace=1|1; thinkphp_show_page_trace=1|1; pgv_pvi=7170657280; thinkphp_show_page_trace=0|1',
  'accept-language' => 'zh-CN,zh;q=0.9',
  'accept-encoding' => 'gzip, deflate',
  'accept' => 'text/html,application/xhtml+xml,application/xml;q=0.9,image/webp,image/apng,*/*;q=0.8,application/signed-exchange;v=b3',
  'user-agent' => 'Mozilla/5.0 (Windows NT 10.0; Win64; x64) AppleWebKit/537.36 (KHTML, like Gecko) Chrome/73.0.3683.75 Safari/537.36',
  'upgrade-insecure-requests' => '1',
  'cache-control' => 'max-age=0',
  'connection' => 'close',
  'host' => 'www.tpdachuang.com',
)
[ info ] [ PARAM ] array (
)
---------------------------------------------------------------
[2019-04-26T15:43:53+08:00] ::1 GET www.tpdachuang.com/index.php/index/Demo9/test1
[运行时间：0.085849s] [吞吐率：11.65req/s] [内存消耗：1,489.46kb] [文件加载：62]
[ info ] [ LANG ] F:\PHPTutorial\WWW\tpdachuang\thinkphp\lang\zh-cn.php
[ info ] [ ROUTE ] array (
)
[ info ] [ HEADER ] array (
  'cookie' => 'thinkphp_show_page_trace=1|1; thinkphp_show_page_trace=1|1; thinkphp_show_page_trace=1|1; pgv_pvi=7170657280; thinkphp_show_page_trace=0|1',
  'accept-language' => 'zh-CN,zh;q=0.9',
  'accept-encoding' => 'gzip, deflate',
  'accept' => 'text/html,application/xhtml+xml,application/xml;q=0.9,image/webp,image/apng,*/*;q=0.8,application/signed-exchange;v=b3',
  'user-agent' => 'Mozilla/5.0 (Windows NT 10.0; Win64; x64) AppleWebKit/537.36 (KHTML, like Gecko) Chrome/73.0.3683.75 Safari/537.36',
  'upgrade-insecure-requests' => '1',
  'cache-control' => 'max-age=0',
  'connection' => 'close',
  'host' => 'www.tpdachuang.com',
)
[ info ] [ PARAM ] array (
)
---------------------------------------------------------------
[2019-04-26T15:56:19+08:00] ::1 GET www.tpdachuang.com/index.php/index/Demo9/test2
[运行时间：0.082440s] [吞吐率：12.13req/s] [内存消耗：1,491.01kb] [文件加载：62]
[ info ] [ LANG ] F:\PHPTutorial\WWW\tpdachuang\thinkphp\lang\zh-cn.php
[ info ] [ ROUTE ] array (
)
[ info ] [ HEADER ] array (
  'cookie' => 'thinkphp_show_page_trace=1|1; thinkphp_show_page_trace=1|1; thinkphp_show_page_trace=1|1; pgv_pvi=7170657280; thinkphp_show_page_trace=0|1',
  'accept-language' => 'zh-CN,zh;q=0.9',
  'accept-encoding' => 'gzip, deflate',
  'accept' => 'text/html,application/xhtml+xml,application/xml;q=0.9,image/webp,image/apng,*/*;q=0.8,application/signed-exchange;v=b3',
  'user-agent' => 'Mozilla/5.0 (Windows NT 10.0; Win64; x64) AppleWebKit/537.36 (KHTML, like Gecko) Chrome/73.0.3683.75 Safari/537.36',
  'upgrade-insecure-requests' => '1',
  'connection' => 'close',
  'host' => 'www.tpdachuang.com',
)
[ info ] [ PARAM ] array (
)
---------------------------------------------------------------
[2019-04-26T16:22:51+08:00] ::1 GET www.tpdachuang.com/index.php/index/Demo9/test3
[运行时间：0.107877s] [吞吐率：9.27req/s] [内存消耗：1,493.62kb] [文件加载：62]
[ info ] [ LANG ] F:\PHPTutorial\WWW\tpdachuang\thinkphp\lang\zh-cn.php
[ info ] [ ROUTE ] array (
)
[ info ] [ HEADER ] array (
  'cookie' => 'thinkphp_show_page_trace=1|1; thinkphp_show_page_trace=1|1; thinkphp_show_page_trace=1|1; pgv_pvi=7170657280; thinkphp_show_page_trace=0|1',
  'accept-language' => 'zh-CN,zh;q=0.9',
  'accept-encoding' => 'gzip, deflate',
  'accept' => 'text/html,application/xhtml+xml,application/xml;q=0.9,image/webp,image/apng,*/*;q=0.8,application/signed-exchange;v=b3',
  'user-agent' => 'Mozilla/5.0 (Windows NT 10.0; Win64; x64) AppleWebKit/537.36 (KHTML, like Gecko) Chrome/73.0.3683.75 Safari/537.36',
  'upgrade-insecure-requests' => '1',
  'connection' => 'close',
  'host' => 'www.tpdachuang.com',
)
[ info ] [ PARAM ] array (
)
