---------------------------------------------------------------
[2019-05-02T15:11:08+08:00] ::1 GET www.tpdachuang.com/
[运行时间：0.177020s] [吞吐率：5.65req/s] [内存消耗：2,743.08kb] [文件加载：61]
[ info ] [ LANG ] F:\PHPTutorial\WWW\tpdachuang\thinkphp\lang\zh-cn.php
[ info ] [ ROUTE ] array (
)
[ info ] [ HEADER ] array (
  'cookie' => 'pgv_pvi=7170657280',
  'accept-language' => 'zh-CN,zh;q=0.9',
  'accept-encoding' => 'gzip, deflate',
  'accept' => 'text/html,application/xhtml+xml,application/xml;q=0.9,image/webp,image/apng,*/*;q=0.8,application/signed-exchange;v=b3',
  'user-agent' => 'Mozilla/5.0 (Windows NT 10.0; Win64; x64) AppleWebKit/537.36 (KHTML, like Gecko) Chrome/73.0.3683.75 Safari/537.36',
  'upgrade-insecure-requests' => '1',
  'connection' => 'close',
  'host' => 'www.tpdachuang.com',
)
[ info ] [ PARAM ] array (
)
[ info ] [ VIEW ] F:\PHPTutorial\WWW\tpdachuang\application\index\view\index\index.html [ array (
) ]
---------------------------------------------------------------
[2019-05-02T15:11:30+08:00] ::1 GET www.tpdachuang.com/index.php/index/Demo5/select
[运行时间：0.296655s] [吞吐率：3.37req/s] [内存消耗：2,013.87kb] [文件加载：64]
[ info ] [ LANG ] F:\PHPTutorial\WWW\tpdachuang\thinkphp\lang\zh-cn.php
[ info ] [ ROUTE ] array (
)
[ info ] [ HEADER ] array (
  'cookie' => 'pgv_pvi=7170657280; thinkphp_show_page_trace=0|0',
  'accept-language' => 'zh-CN,zh;q=0.9',
  'accept-encoding' => 'gzip, deflate',
  'accept' => 'text/html,application/xhtml+xml,application/xml;q=0.9,image/webp,image/apng,*/*;q=0.8,application/signed-exchange;v=b3',
  'user-agent' => 'Mozilla/5.0 (Windows NT 10.0; Win64; x64) AppleWebKit/537.36 (KHTML, like Gecko) Chrome/73.0.3683.75 Safari/537.36',
  'upgrade-insecure-requests' => '1',
  'connection' => 'close',
  'host' => 'www.tpdachuang.com',
)
[ info ] [ PARAM ] array (
)
[ info ] [ DB ] INIT mysql
[ sql ] [ DB ] CONNECT:[ UseTime:0.069628s ] mysql:host=127.0.0.1;dbname=world;charset=utf8
[ sql ] [ SQL ] SHOW COLUMNS FROM `city` [ RunTime:0.103621s ]
[ sql ] [ SQL ] SELECT `ID`,`Name`,`District` FROM `city` WHERE  `ID` <= 5 [ RunTime:0.018484s ]
---------------------------------------------------------------
[2019-05-02T15:11:35+08:00] ::1 GET www.tpdachuang.com/index.php/index/Demo9/test1
[运行时间：0.092240s] [吞吐率：10.84req/s] [内存消耗：1,493.09kb] [文件加载：62]
[ info ] [ LANG ] F:\PHPTutorial\WWW\tpdachuang\thinkphp\lang\zh-cn.php
[ info ] [ ROUTE ] array (
)
[ info ] [ HEADER ] array (
  'cookie' => 'pgv_pvi=7170657280; thinkphp_show_page_trace=0|0',
  'accept-language' => 'zh-CN,zh;q=0.9',
  'accept-encoding' => 'gzip, deflate',
  'accept' => 'text/html,application/xhtml+xml,application/xml;q=0.9,image/webp,image/apng,*/*;q=0.8,application/signed-exchange;v=b3',
  'user-agent' => 'Mozilla/5.0 (Windows NT 10.0; Win64; x64) AppleWebKit/537.36 (KHTML, like Gecko) Chrome/73.0.3683.75 Safari/537.36',
  'upgrade-insecure-requests' => '1',
  'connection' => 'close',
  'host' => 'www.tpdachuang.com',
)
[ info ] [ PARAM ] array (
)
---------------------------------------------------------------
[2019-05-02T15:15:02+08:00] ::1 GET www.tpdachuang.com/index.php/index/Demo3/test1
[运行时间：0.087729s] [吞吐率：11.40req/s] [内存消耗：1,322.44kb] [文件加载：61]
[ info ] [ LANG ] F:\PHPTutorial\WWW\tpdachuang\thinkphp\lang\zh-cn.php
[ info ] [ ROUTE ] array (
)
[ info ] [ HEADER ] array (
  'cookie' => 'pgv_pvi=7170657280; thinkphp_show_page_trace=0|0',
  'accept-language' => 'zh-CN,zh;q=0.9',
  'accept-encoding' => 'gzip, deflate',
  'accept' => 'text/html,application/xhtml+xml,application/xml;q=0.9,image/webp,image/apng,*/*;q=0.8,application/signed-exchange;v=b3',
  'user-agent' => 'Mozilla/5.0 (Windows NT 10.0; Win64; x64) AppleWebKit/537.36 (KHTML, like Gecko) Chrome/73.0.3683.75 Safari/537.36',
  'upgrade-insecure-requests' => '1',
  'connection' => 'close',
  'host' => 'www.tpdachuang.com',
)
[ info ] [ PARAM ] array (
)
---------------------------------------------------------------
[2019-05-02T15:15:30+08:00] ::1 GET www.tpdachuang.com/index.php/index/Demo3/test1
[运行时间：0.072139s] [吞吐率：13.86req/s] [内存消耗：1,322.61kb] [文件加载：61]
[ info ] [ LANG ] F:\PHPTutorial\WWW\tpdachuang\thinkphp\lang\zh-cn.php
[ info ] [ ROUTE ] array (
)
[ info ] [ HEADER ] array (
  'cookie' => 'thinkphp_show_page_trace=0|0; pgv_pvi=7170657280; thinkphp_show_page_trace=0|0',
  'accept-language' => 'zh-CN,zh;q=0.9',
  'accept-encoding' => 'gzip, deflate',
  'accept' => 'text/html,application/xhtml+xml,application/xml;q=0.9,image/webp,image/apng,*/*;q=0.8,application/signed-exchange;v=b3',
  'user-agent' => 'Mozilla/5.0 (Windows NT 10.0; Win64; x64) AppleWebKit/537.36 (KHTML, like Gecko) Chrome/73.0.3683.75 Safari/537.36',
  'upgrade-insecure-requests' => '1',
  'cache-control' => 'max-age=0',
  'connection' => 'close',
  'host' => 'www.tpdachuang.com',
)
[ info ] [ PARAM ] array (
)
---------------------------------------------------------------
[2019-05-02T15:16:31+08:00] ::1 GET www.tpdachuang.com/index.php/index/Demo3/test1
[运行时间：0.065380s] [吞吐率：15.30req/s] [内存消耗：1,322.86kb] [文件加载：61]
[ info ] [ LANG ] F:\PHPTutorial\WWW\tpdachuang\thinkphp\lang\zh-cn.php
[ info ] [ ROUTE ] array (
)
[ info ] [ HEADER ] array (
  'cookie' => 'thinkphp_show_page_trace=0|0; pgv_pvi=7170657280; thinkphp_show_page_trace=0|0',
  'accept-language' => 'zh-CN,zh;q=0.9',
  'accept-encoding' => 'gzip, deflate',
  'accept' => 'text/html,application/xhtml+xml,application/xml;q=0.9,image/webp,image/apng,*/*;q=0.8,application/signed-exchange;v=b3',
  'user-agent' => 'Mozilla/5.0 (Windows NT 10.0; Win64; x64) AppleWebKit/537.36 (KHTML, like Gecko) Chrome/73.0.3683.75 Safari/537.36',
  'upgrade-insecure-requests' => '1',
  'cache-control' => 'max-age=0',
  'connection' => 'close',
  'host' => 'www.tpdachuang.com',
)
[ info ] [ PARAM ] array (
)
---------------------------------------------------------------
[2019-05-02T17:33:35+08:00] ::1 GET www.tpdachuang.com/index.php/index/test/test1
[运行时间：0.089958s] [吞吐率：11.12req/s] [内存消耗：1,520.09kb] [文件加载：68]
[ info ] [ LANG ] F:\PHPTutorial\WWW\tpdachuang\thinkphp\lang\zh-cn.php
[ info ] [ ROUTE ] array (
)
[ info ] [ HEADER ] array (
  'cookie' => 'pgv_pvi=7170657280; thinkphp_show_page_trace=0|0',
  'accept-language' => 'zh-CN,zh;q=0.9',
  'accept-encoding' => 'gzip, deflate',
  'accept' => 'text/html,application/xhtml+xml,application/xml;q=0.9,image/webp,image/apng,*/*;q=0.8,application/signed-exchange;v=b3',
  'user-agent' => 'Mozilla/5.0 (Windows NT 10.0; Win64; x64) AppleWebKit/537.36 (KHTML, like Gecko) Chrome/73.0.3683.75 Safari/537.36',
  'upgrade-insecure-requests' => '1',
  'connection' => 'close',
  'host' => 'www.tpdachuang.com',
)
[ info ] [ PARAM ] array (
)
[ error ] [2]strpos() expects parameter 1 to be string, object given[F:\PHPTutorial\WWW\tpdachuang\thinkphp\library\think\Controller.php:247]
---------------------------------------------------------------
[2019-05-02T17:34:18+08:00] ::1 GET www.tpdachuang.com/index.php/index/test/test1
[运行时间：0.081998s] [吞吐率：12.20req/s] [内存消耗：1,491.52kb] [文件加载：63]
[ info ] [ LANG ] F:\PHPTutorial\WWW\tpdachuang\thinkphp\lang\zh-cn.php
[ info ] [ ROUTE ] array (
)
[ info ] [ HEADER ] array (
  'cookie' => 'thinkphp_show_page_trace=0|0; pgv_pvi=7170657280; thinkphp_show_page_trace=0|0',
  'accept-language' => 'zh-CN,zh;q=0.9',
  'accept-encoding' => 'gzip, deflate',
  'accept' => 'text/html,application/xhtml+xml,application/xml;q=0.9,image/webp,image/apng,*/*;q=0.8,application/signed-exchange;v=b3',
  'user-agent' => 'Mozilla/5.0 (Windows NT 10.0; Win64; x64) AppleWebKit/537.36 (KHTML, like Gecko) Chrome/73.0.3683.75 Safari/537.36',
  'upgrade-insecure-requests' => '1',
  'cache-control' => 'max-age=0',
  'connection' => 'close',
  'host' => 'www.tpdachuang.com',
)
[ info ] [ PARAM ] array (
)
---------------------------------------------------------------
[2019-05-02T17:34:32+08:00] ::1 GET www.tpdachuang.com/index.php/index/test/test1
[运行时间：0.074169s] [吞吐率：13.48req/s] [内存消耗：1,491.52kb] [文件加载：63]
[ info ] [ LANG ] F:\PHPTutorial\WWW\tpdachuang\thinkphp\lang\zh-cn.php
[ info ] [ ROUTE ] array (
)
[ info ] [ HEADER ] array (
  'cookie' => 'thinkphp_show_page_trace=0|0; pgv_pvi=7170657280; thinkphp_show_page_trace=0|0',
  'accept-language' => 'zh-CN,zh;q=0.9',
  'accept-encoding' => 'gzip, deflate',
  'accept' => 'text/html,application/xhtml+xml,application/xml;q=0.9,image/webp,image/apng,*/*;q=0.8,application/signed-exchange;v=b3',
  'user-agent' => 'Mozilla/5.0 (Windows NT 10.0; Win64; x64) AppleWebKit/537.36 (KHTML, like Gecko) Chrome/73.0.3683.75 Safari/537.36',
  'upgrade-insecure-requests' => '1',
  'cache-control' => 'max-age=0',
  'connection' => 'close',
  'host' => 'www.tpdachuang.com',
)
[ info ] [ PARAM ] array (
)
---------------------------------------------------------------
[2019-05-02T17:34:33+08:00] ::1 GET www.tpdachuang.com/index.php/index/test/test1
[运行时间：0.072788s] [吞吐率：13.74req/s] [内存消耗：1,491.52kb] [文件加载：63]
[ info ] [ LANG ] F:\PHPTutorial\WWW\tpdachuang\thinkphp\lang\zh-cn.php
[ info ] [ ROUTE ] array (
)
[ info ] [ HEADER ] array (
  'cookie' => 'thinkphp_show_page_trace=0|0; pgv_pvi=7170657280; thinkphp_show_page_trace=0|0',
  'accept-language' => 'zh-CN,zh;q=0.9',
  'accept-encoding' => 'gzip, deflate',
  'accept' => 'text/html,application/xhtml+xml,application/xml;q=0.9,image/webp,image/apng,*/*;q=0.8,application/signed-exchange;v=b3',
  'user-agent' => 'Mozilla/5.0 (Windows NT 10.0; Win64; x64) AppleWebKit/537.36 (KHTML, like Gecko) Chrome/73.0.3683.75 Safari/537.36',
  'upgrade-insecure-requests' => '1',
  'cache-control' => 'max-age=0',
  'connection' => 'close',
  'host' => 'www.tpdachuang.com',
)
[ info ] [ PARAM ] array (
)
---------------------------------------------------------------
[2019-05-02T17:34:33+08:00] ::1 GET www.tpdachuang.com/index.php/index/test/test1
[运行时间：0.082218s] [吞吐率：12.16req/s] [内存消耗：1,491.52kb] [文件加载：63]
[ info ] [ LANG ] F:\PHPTutorial\WWW\tpdachuang\thinkphp\lang\zh-cn.php
[ info ] [ ROUTE ] array (
)
[ info ] [ HEADER ] array (
  'cookie' => 'thinkphp_show_page_trace=0|0; pgv_pvi=7170657280; thinkphp_show_page_trace=0|0',
  'accept-language' => 'zh-CN,zh;q=0.9',
  'accept-encoding' => 'gzip, deflate',
  'accept' => 'text/html,application/xhtml+xml,application/xml;q=0.9,image/webp,image/apng,*/*;q=0.8,application/signed-exchange;v=b3',
  'user-agent' => 'Mozilla/5.0 (Windows NT 10.0; Win64; x64) AppleWebKit/537.36 (KHTML, like Gecko) Chrome/73.0.3683.75 Safari/537.36',
  'upgrade-insecure-requests' => '1',
  'cache-control' => 'max-age=0',
  'connection' => 'close',
  'host' => 'www.tpdachuang.com',
)
[ info ] [ PARAM ] array (
)
---------------------------------------------------------------
[2019-05-02T17:34:34+08:00] ::1 GET www.tpdachuang.com/index.php/index/test/test1
[运行时间：0.090473s] [吞吐率：11.05req/s] [内存消耗：1,491.52kb] [文件加载：63]
[ info ] [ LANG ] F:\PHPTutorial\WWW\tpdachuang\thinkphp\lang\zh-cn.php
[ info ] [ ROUTE ] array (
)
[ info ] [ HEADER ] array (
  'cookie' => 'thinkphp_show_page_trace=0|0; pgv_pvi=7170657280; thinkphp_show_page_trace=0|0',
  'accept-language' => 'zh-CN,zh;q=0.9',
  'accept-encoding' => 'gzip, deflate',
  'accept' => 'text/html,application/xhtml+xml,application/xml;q=0.9,image/webp,image/apng,*/*;q=0.8,application/signed-exchange;v=b3',
  'user-agent' => 'Mozilla/5.0 (Windows NT 10.0; Win64; x64) AppleWebKit/537.36 (KHTML, like Gecko) Chrome/73.0.3683.75 Safari/537.36',
  'upgrade-insecure-requests' => '1',
  'cache-control' => 'max-age=0',
  'connection' => 'close',
  'host' => 'www.tpdachuang.com',
)
[ info ] [ PARAM ] array (
)
---------------------------------------------------------------
[2019-05-02T17:34:34+08:00] ::1 GET www.tpdachuang.com/index.php/index/test/test1
[运行时间：0.090687s] [吞吐率：11.03req/s] [内存消耗：1,491.52kb] [文件加载：63]
[ info ] [ LANG ] F:\PHPTutorial\WWW\tpdachuang\thinkphp\lang\zh-cn.php
[ info ] [ ROUTE ] array (
)
[ info ] [ HEADER ] array (
  'cookie' => 'thinkphp_show_page_trace=0|0; pgv_pvi=7170657280; thinkphp_show_page_trace=0|0',
  'accept-language' => 'zh-CN,zh;q=0.9',
  'accept-encoding' => 'gzip, deflate',
  'accept' => 'text/html,application/xhtml+xml,application/xml;q=0.9,image/webp,image/apng,*/*;q=0.8,application/signed-exchange;v=b3',
  'user-agent' => 'Mozilla/5.0 (Windows NT 10.0; Win64; x64) AppleWebKit/537.36 (KHTML, like Gecko) Chrome/73.0.3683.75 Safari/537.36',
  'upgrade-insecure-requests' => '1',
  'cache-control' => 'max-age=0',
  'connection' => 'close',
  'host' => 'www.tpdachuang.com',
)
[ info ] [ PARAM ] array (
)
---------------------------------------------------------------
[2019-05-02T17:34:45+08:00] ::1 GET www.tpdachuang.com/index.php/index/test/test1
[运行时间：0.131286s] [吞吐率：7.62req/s] [内存消耗：2,270.75kb] [文件加载：75]
[ info ] [ LANG ] F:\PHPTutorial\WWW\tpdachuang\thinkphp\lang\zh-cn.php
[ info ] [ ROUTE ] array (
)
[ info ] [ HEADER ] array (
  'cookie' => 'thinkphp_show_page_trace=0|0; pgv_pvi=7170657280; thinkphp_show_page_trace=0|0',
  'accept-language' => 'zh-CN,zh;q=0.9',
  'accept-encoding' => 'gzip, deflate',
  'accept' => 'text/html,application/xhtml+xml,application/xml;q=0.9,image/webp,image/apng,*/*;q=0.8,application/signed-exchange;v=b3',
  'user-agent' => 'Mozilla/5.0 (Windows NT 10.0; Win64; x64) AppleWebKit/537.36 (KHTML, like Gecko) Chrome/73.0.3683.75 Safari/537.36',
  'upgrade-insecure-requests' => '1',
  'cache-control' => 'max-age=0',
  'connection' => 'close',
  'host' => 'www.tpdachuang.com',
)
[ info ] [ PARAM ] array (
)
[ info ] [ DB ] INIT mysql
[ sql ] [ DB ] CONNECT:[ UseTime:0.004854s ] mysql:host=127.0.0.1;dbname=zh;charset=utf8
[ error ] [10501]SQLSTATE[42S02]: Base table or view not found: 1146 Table 'zh.zh_zh_user' doesn't exist[F:\PHPTutorial\WWW\tpdachuang\thinkphp\library\think\db\Connection.php:687]
---------------------------------------------------------------
[2019-05-02T17:35:36+08:00] ::1 GET www.tpdachuang.com/index.php/index/test/test1
[运行时间：0.119748s] [吞吐率：8.35req/s] [内存消耗：2,270.75kb] [文件加载：75]
[ info ] [ LANG ] F:\PHPTutorial\WWW\tpdachuang\thinkphp\lang\zh-cn.php
[ info ] [ ROUTE ] array (
)
[ info ] [ HEADER ] array (
  'cookie' => 'thinkphp_show_page_trace=0|0; pgv_pvi=7170657280; thinkphp_show_page_trace=0|0',
  'accept-language' => 'zh-CN,zh;q=0.9',
  'accept-encoding' => 'gzip, deflate',
  'accept' => 'text/html,application/xhtml+xml,application/xml;q=0.9,image/webp,image/apng,*/*;q=0.8,application/signed-exchange;v=b3',
  'user-agent' => 'Mozilla/5.0 (Windows NT 10.0; Win64; x64) AppleWebKit/537.36 (KHTML, like Gecko) Chrome/73.0.3683.75 Safari/537.36',
  'upgrade-insecure-requests' => '1',
  'cache-control' => 'max-age=0',
  'connection' => 'close',
  'host' => 'www.tpdachuang.com',
)
[ info ] [ PARAM ] array (
)
[ info ] [ DB ] INIT mysql
[ sql ] [ DB ] CONNECT:[ UseTime:0.002162s ] mysql:host=127.0.0.1;dbname=zh;charset=utf8
[ error ] [10501]SQLSTATE[42S02]: Base table or view not found: 1146 Table 'zh.zh_zh_user' doesn't exist[F:\PHPTutorial\WWW\tpdachuang\thinkphp\library\think\db\Connection.php:687]
---------------------------------------------------------------
[2019-05-02T17:35:37+08:00] ::1 GET www.tpdachuang.com/index.php/index/test/test1
[运行时间：0.136104s] [吞吐率：7.35req/s] [内存消耗：2,270.75kb] [文件加载：75]
[ info ] [ LANG ] F:\PHPTutorial\WWW\tpdachuang\thinkphp\lang\zh-cn.php
[ info ] [ ROUTE ] array (
)
[ info ] [ HEADER ] array (
  'cookie' => 'thinkphp_show_page_trace=0|0; pgv_pvi=7170657280; thinkphp_show_page_trace=0|0',
  'accept-language' => 'zh-CN,zh;q=0.9',
  'accept-encoding' => 'gzip, deflate',
  'accept' => 'text/html,application/xhtml+xml,application/xml;q=0.9,image/webp,image/apng,*/*;q=0.8,application/signed-exchange;v=b3',
  'user-agent' => 'Mozilla/5.0 (Windows NT 10.0; Win64; x64) AppleWebKit/537.36 (KHTML, like Gecko) Chrome/73.0.3683.75 Safari/537.36',
  'upgrade-insecure-requests' => '1',
  'cache-control' => 'max-age=0',
  'connection' => 'close',
  'host' => 'www.tpdachuang.com',
)
[ info ] [ PARAM ] array (
)
[ info ] [ DB ] INIT mysql
[ sql ] [ DB ] CONNECT:[ UseTime:0.002328s ] mysql:host=127.0.0.1;dbname=zh;charset=utf8
[ error ] [10501]SQLSTATE[42S02]: Base table or view not found: 1146 Table 'zh.zh_zh_user' doesn't exist[F:\PHPTutorial\WWW\tpdachuang\thinkphp\library\think\db\Connection.php:687]
---------------------------------------------------------------
[2019-05-02T17:35:37+08:00] ::1 GET www.tpdachuang.com/index.php/index/test/test1
[运行时间：0.124797s] [吞吐率：8.01req/s] [内存消耗：2,270.75kb] [文件加载：75]
[ info ] [ LANG ] F:\PHPTutorial\WWW\tpdachuang\thinkphp\lang\zh-cn.php
[ info ] [ ROUTE ] array (
)
[ info ] [ HEADER ] array (
  'cookie' => 'thinkphp_show_page_trace=0|0; pgv_pvi=7170657280; thinkphp_show_page_trace=0|0',
  'accept-language' => 'zh-CN,zh;q=0.9',
  'accept-encoding' => 'gzip, deflate',
  'accept' => 'text/html,application/xhtml+xml,application/xml;q=0.9,image/webp,image/apng,*/*;q=0.8,application/signed-exchange;v=b3',
  'user-agent' => 'Mozilla/5.0 (Windows NT 10.0; Win64; x64) AppleWebKit/537.36 (KHTML, like Gecko) Chrome/73.0.3683.75 Safari/537.36',
  'upgrade-insecure-requests' => '1',
  'cache-control' => 'max-age=0',
  'connection' => 'close',
  'host' => 'www.tpdachuang.com',
)
[ info ] [ PARAM ] array (
)
[ info ] [ DB ] INIT mysql
[ sql ] [ DB ] CONNECT:[ UseTime:0.012079s ] mysql:host=127.0.0.1;dbname=zh;charset=utf8
[ error ] [10501]SQLSTATE[42S02]: Base table or view not found: 1146 Table 'zh.zh_zh_user' doesn't exist[F:\PHPTutorial\WWW\tpdachuang\thinkphp\library\think\db\Connection.php:687]
---------------------------------------------------------------
[2019-05-02T17:35:37+08:00] ::1 GET www.tpdachuang.com/index.php/index/test/test1
[运行时间：0.121517s] [吞吐率：8.23req/s] [内存消耗：2,270.75kb] [文件加载：75]
[ info ] [ LANG ] F:\PHPTutorial\WWW\tpdachuang\thinkphp\lang\zh-cn.php
[ info ] [ ROUTE ] array (
)
[ info ] [ HEADER ] array (
  'cookie' => 'thinkphp_show_page_trace=0|0; pgv_pvi=7170657280; thinkphp_show_page_trace=0|0',
  'accept-language' => 'zh-CN,zh;q=0.9',
  'accept-encoding' => 'gzip, deflate',
  'accept' => 'text/html,application/xhtml+xml,application/xml;q=0.9,image/webp,image/apng,*/*;q=0.8,application/signed-exchange;v=b3',
  'user-agent' => 'Mozilla/5.0 (Windows NT 10.0; Win64; x64) AppleWebKit/537.36 (KHTML, like Gecko) Chrome/73.0.3683.75 Safari/537.36',
  'upgrade-insecure-requests' => '1',
  'cache-control' => 'max-age=0',
  'connection' => 'close',
  'host' => 'www.tpdachuang.com',
)
[ info ] [ PARAM ] array (
)
[ info ] [ DB ] INIT mysql
[ sql ] [ DB ] CONNECT:[ UseTime:0.011308s ] mysql:host=127.0.0.1;dbname=zh;charset=utf8
[ error ] [10501]SQLSTATE[42S02]: Base table or view not found: 1146 Table 'zh.zh_zh_user' doesn't exist[F:\PHPTutorial\WWW\tpdachuang\thinkphp\library\think\db\Connection.php:687]
---------------------------------------------------------------
[2019-05-02T17:35:38+08:00] ::1 GET www.tpdachuang.com/index.php/index/test/test1
[运行时间：0.133989s] [吞吐率：7.46req/s] [内存消耗：2,270.75kb] [文件加载：75]
[ info ] [ LANG ] F:\PHPTutorial\WWW\tpdachuang\thinkphp\lang\zh-cn.php
[ info ] [ ROUTE ] array (
)
[ info ] [ HEADER ] array (
  'cookie' => 'thinkphp_show_page_trace=0|0; pgv_pvi=7170657280; thinkphp_show_page_trace=0|0',
  'accept-language' => 'zh-CN,zh;q=0.9',
  'accept-encoding' => 'gzip, deflate',
  'accept' => 'text/html,application/xhtml+xml,application/xml;q=0.9,image/webp,image/apng,*/*;q=0.8,application/signed-exchange;v=b3',
  'user-agent' => 'Mozilla/5.0 (Windows NT 10.0; Win64; x64) AppleWebKit/537.36 (KHTML, like Gecko) Chrome/73.0.3683.75 Safari/537.36',
  'upgrade-insecure-requests' => '1',
  'cache-control' => 'max-age=0',
  'connection' => 'close',
  'host' => 'www.tpdachuang.com',
)
[ info ] [ PARAM ] array (
)
[ info ] [ DB ] INIT mysql
[ sql ] [ DB ] CONNECT:[ UseTime:0.002977s ] mysql:host=127.0.0.1;dbname=zh;charset=utf8
[ error ] [10501]SQLSTATE[42S02]: Base table or view not found: 1146 Table 'zh.zh_zh_user' doesn't exist[F:\PHPTutorial\WWW\tpdachuang\thinkphp\library\think\db\Connection.php:687]
---------------------------------------------------------------
[2019-05-02T17:35:38+08:00] ::1 GET www.tpdachuang.com/index.php/index/test/test1
[运行时间：0.113677s] [吞吐率：8.80req/s] [内存消耗：2,270.75kb] [文件加载：75]
[ info ] [ LANG ] F:\PHPTutorial\WWW\tpdachuang\thinkphp\lang\zh-cn.php
[ info ] [ ROUTE ] array (
)
[ info ] [ HEADER ] array (
  'cookie' => 'thinkphp_show_page_trace=0|0; pgv_pvi=7170657280; thinkphp_show_page_trace=0|0',
  'accept-language' => 'zh-CN,zh;q=0.9',
  'accept-encoding' => 'gzip, deflate',
  'accept' => 'text/html,application/xhtml+xml,application/xml;q=0.9,image/webp,image/apng,*/*;q=0.8,application/signed-exchange;v=b3',
  'user-agent' => 'Mozilla/5.0 (Windows NT 10.0; Win64; x64) AppleWebKit/537.36 (KHTML, like Gecko) Chrome/73.0.3683.75 Safari/537.36',
  'upgrade-insecure-requests' => '1',
  'cache-control' => 'max-age=0',
  'connection' => 'close',
  'host' => 'www.tpdachuang.com',
)
[ info ] [ PARAM ] array (
)
[ info ] [ DB ] INIT mysql
[ sql ] [ DB ] CONNECT:[ UseTime:0.002581s ] mysql:host=127.0.0.1;dbname=zh;charset=utf8
[ error ] [10501]SQLSTATE[42S02]: Base table or view not found: 1146 Table 'zh.zh_zh_user' doesn't exist[F:\PHPTutorial\WWW\tpdachuang\thinkphp\library\think\db\Connection.php:687]
---------------------------------------------------------------
[2019-05-02T17:35:39+08:00] ::1 GET www.tpdachuang.com/index.php/index/test/test1
[运行时间：0.120241s] [吞吐率：8.32req/s] [内存消耗：2,270.75kb] [文件加载：75]
[ info ] [ LANG ] F:\PHPTutorial\WWW\tpdachuang\thinkphp\lang\zh-cn.php
[ info ] [ ROUTE ] array (
)
[ info ] [ HEADER ] array (
  'cookie' => 'thinkphp_show_page_trace=0|0; pgv_pvi=7170657280; thinkphp_show_page_trace=0|0',
  'accept-language' => 'zh-CN,zh;q=0.9',
  'accept-encoding' => 'gzip, deflate',
  'accept' => 'text/html,application/xhtml+xml,application/xml;q=0.9,image/webp,image/apng,*/*;q=0.8,application/signed-exchange;v=b3',
  'user-agent' => 'Mozilla/5.0 (Windows NT 10.0; Win64; x64) AppleWebKit/537.36 (KHTML, like Gecko) Chrome/73.0.3683.75 Safari/537.36',
  'upgrade-insecure-requests' => '1',
  'cache-control' => 'max-age=0',
  'connection' => 'close',
  'host' => 'www.tpdachuang.com',
)
[ info ] [ PARAM ] array (
)
[ info ] [ DB ] INIT mysql
[ sql ] [ DB ] CONNECT:[ UseTime:0.011561s ] mysql:host=127.0.0.1;dbname=zh;charset=utf8
[ error ] [10501]SQLSTATE[42S02]: Base table or view not found: 1146 Table 'zh.zh_zh_user' doesn't exist[F:\PHPTutorial\WWW\tpdachuang\thinkphp\library\think\db\Connection.php:687]
---------------------------------------------------------------
[2019-05-02T17:36:03+08:00] ::1 GET www.tpdachuang.com/index.php/index/test/test1
[运行时间：0.103660s] [吞吐率：9.65req/s] [内存消耗：2,280.17kb] [文件加载：69]
[ info ] [ LANG ] F:\PHPTutorial\WWW\tpdachuang\thinkphp\lang\zh-cn.php
[ info ] [ ROUTE ] array (
)
[ info ] [ HEADER ] array (
  'cookie' => 'thinkphp_show_page_trace=0|0; pgv_pvi=7170657280; thinkphp_show_page_trace=0|0',
  'accept-language' => 'zh-CN,zh;q=0.9',
  'accept-encoding' => 'gzip, deflate',
  'accept' => 'text/html,application/xhtml+xml,application/xml;q=0.9,image/webp,image/apng,*/*;q=0.8,application/signed-exchange;v=b3',
  'user-agent' => 'Mozilla/5.0 (Windows NT 10.0; Win64; x64) AppleWebKit/537.36 (KHTML, like Gecko) Chrome/73.0.3683.75 Safari/537.36',
  'upgrade-insecure-requests' => '1',
  'cache-control' => 'max-age=0',
  'connection' => 'close',
  'host' => 'www.tpdachuang.com',
)
[ info ] [ PARAM ] array (
)
[ info ] [ DB ] INIT mysql
[ sql ] [ DB ] CONNECT:[ UseTime:0.003182s ] mysql:host=127.0.0.1;dbname=zh;charset=utf8
[ sql ] [ SQL ] SHOW COLUMNS FROM `zh_user` [ RunTime:0.005116s ]
[ sql ] [ SQL ] SELECT `id` FROM `zh_user` WHERE  `email` = 'peter@qq.com' LIMIT 1 [ RunTime:0.001783s ]
---------------------------------------------------------------
[2019-05-02T17:39:29+08:00] ::1 GET www.tpdachuang.com/index.php/index/index/index
[运行时间：0.115401s] [吞吐率：8.67req/s] [内存消耗：1,464.05kb] [文件加载：64]
[ info ] [ LANG ] F:\PHPTutorial\WWW\tpdachuang\thinkphp\lang\zh-cn.php
[ info ] [ ROUTE ] array (
)
[ info ] [ HEADER ] array (
  'cookie' => 'pgv_pvi=7170657280; thinkphp_show_page_trace=0|0',
  'accept-language' => 'zh-CN,zh;q=0.9',
  'accept-encoding' => 'gzip, deflate',
  'accept' => 'text/html,application/xhtml+xml,application/xml;q=0.9,image/webp,image/apng,*/*;q=0.8,application/signed-exchange;v=b3',
  'user-agent' => 'Mozilla/5.0 (Windows NT 10.0; Win64; x64) AppleWebKit/537.36 (KHTML, like Gecko) Chrome/73.0.3683.75 Safari/537.36',
  'upgrade-insecure-requests' => '1',
  'connection' => 'close',
  'host' => 'www.tpdachuang.com',
)
[ info ] [ PARAM ] array (
)
[ info ] [ VIEW ] F:\PHPTutorial\WWW\tpdachuang\application\index\view\index\index.html [ array (
  0 => 'name',
) ]
---------------------------------------------------------------
[2019-05-02T17:40:47+08:00] ::1 GET www.tpdachuang.com/index.php/index/index/index
[运行时间：0.079799s] [吞吐率：12.53req/s] [内存消耗：1,463.72kb] [文件加载：64]
[ info ] [ LANG ] F:\PHPTutorial\WWW\tpdachuang\thinkphp\lang\zh-cn.php
[ info ] [ ROUTE ] array (
)
[ info ] [ HEADER ] array (
  'cookie' => 'thinkphp_show_page_trace=0|0; pgv_pvi=7170657280; thinkphp_show_page_trace=0|0',
  'accept-language' => 'zh-CN,zh;q=0.9',
  'accept-encoding' => 'gzip, deflate',
  'accept' => 'text/html,application/xhtml+xml,application/xml;q=0.9,image/webp,image/apng,*/*;q=0.8,application/signed-exchange;v=b3',
  'user-agent' => 'Mozilla/5.0 (Windows NT 10.0; Win64; x64) AppleWebKit/537.36 (KHTML, like Gecko) Chrome/73.0.3683.75 Safari/537.36',
  'upgrade-insecure-requests' => '1',
  'cache-control' => 'max-age=0',
  'connection' => 'close',
  'host' => 'www.tpdachuang.com',
)
[ info ] [ PARAM ] array (
)
[ info ] [ VIEW ] F:\PHPTutorial\WWW\tpdachuang\application\index\view\index\index.html [ array (
) ]
---------------------------------------------------------------
[2019-05-02T17:43:47+08:00] ::1 GET www.tpdachuang.com/index.php/index/index/index
[运行时间：0.083771s] [吞吐率：11.94req/s] [内存消耗：1,464.44kb] [文件加载：64]
[ info ] [ LANG ] F:\PHPTutorial\WWW\tpdachuang\thinkphp\lang\zh-cn.php
[ info ] [ ROUTE ] array (
)
[ info ] [ HEADER ] array (
  'cookie' => 'thinkphp_show_page_trace=0|0; pgv_pvi=7170657280; thinkphp_show_page_trace=0|0',
  'accept-language' => 'zh-CN,zh;q=0.9',
  'accept-encoding' => 'gzip, deflate',
  'accept' => 'text/html,application/xhtml+xml,application/xml;q=0.9,image/webp,image/apng,*/*;q=0.8,application/signed-exchange;v=b3',
  'user-agent' => 'Mozilla/5.0 (Windows NT 10.0; Win64; x64) AppleWebKit/537.36 (KHTML, like Gecko) Chrome/73.0.3683.75 Safari/537.36',
  'upgrade-insecure-requests' => '1',
  'cache-control' => 'max-age=0',
  'connection' => 'close',
  'host' => 'www.tpdachuang.com',
)
[ info ] [ PARAM ] array (
)
[ info ] [ VIEW ] F:\PHPTutorial\WWW\tpdachuang\application\index\view\index\index.html [ array (
) ]
---------------------------------------------------------------
[2019-05-02T17:55:58+08:00] ::1 GET www.tpdachuang.com/index.php/index/index/index
[运行时间：0.088398s] [吞吐率：11.31req/s] [内存消耗：1,465.06kb] [文件加载：64]
[ info ] [ LANG ] F:\PHPTutorial\WWW\tpdachuang\thinkphp\lang\zh-cn.php
[ info ] [ ROUTE ] array (
)
[ info ] [ HEADER ] array (
  'cookie' => 'thinkphp_show_page_trace=0|0; pgv_pvi=7170657280; thinkphp_show_page_trace=0|0',
  'accept-language' => 'zh-CN,zh;q=0.9',
  'accept-encoding' => 'gzip, deflate',
  'accept' => 'text/html,application/xhtml+xml,application/xml;q=0.9,image/webp,image/apng,*/*;q=0.8,application/signed-exchange;v=b3',
  'user-agent' => 'Mozilla/5.0 (Windows NT 10.0; Win64; x64) AppleWebKit/537.36 (KHTML, like Gecko) Chrome/73.0.3683.75 Safari/537.36',
  'upgrade-insecure-requests' => '1',
  'cache-control' => 'max-age=0',
  'connection' => 'close',
  'host' => 'www.tpdachuang.com',
)
[ info ] [ PARAM ] array (
)
[ info ] [ VIEW ] F:\PHPTutorial\WWW\tpdachuang\application\index\view\index\index.html [ array (
) ]
---------------------------------------------------------------
[2019-05-02T17:59:19+08:00] ::1 GET www.tpdachuang.com/index.php/index/Demo5/find
[运行时间：0.111149s] [吞吐率：9.00req/s] [内存消耗：1,336.02kb] [文件加载：62]
[ info ] [ LANG ] F:\PHPTutorial\WWW\tpdachuang\thinkphp\lang\zh-cn.php
[ info ] [ ROUTE ] array (
)
[ info ] [ HEADER ] array (
  'cookie' => 'thinkphp_show_page_trace=0|0; pgv_pvi=7170657280; thinkphp_show_page_trace=0|0',
  'accept-language' => 'zh-CN,zh;q=0.9',
  'accept-encoding' => 'gzip, deflate',
  'accept' => 'text/html,application/xhtml+xml,application/xml;q=0.9,image/webp,image/apng,*/*;q=0.8,application/signed-exchange;v=b3',
  'user-agent' => 'Mozilla/5.0 (Windows NT 10.0; Win64; x64) AppleWebKit/537.36 (KHTML, like Gecko) Chrome/73.0.3683.75 Safari/537.36',
  'upgrade-insecure-requests' => '1',
  'connection' => 'close',
  'host' => 'www.tpdachuang.com',
)
[ info ] [ PARAM ] array (
)
---------------------------------------------------------------
[2019-05-02T17:59:24+08:00] ::1 GET www.tpdachuang.com/index.php/index/index
[运行时间：0.088669s] [吞吐率：11.28req/s] [内存消耗：1,353.43kb] [文件加载：62]
[ info ] [ LANG ] F:\PHPTutorial\WWW\tpdachuang\thinkphp\lang\zh-cn.php
[ info ] [ ROUTE ] array (
)
[ info ] [ HEADER ] array (
  'cookie' => 'thinkphp_show_page_trace=0|0; pgv_pvi=7170657280; thinkphp_show_page_trace=0|0',
  'accept-language' => 'zh-CN,zh;q=0.9',
  'accept-encoding' => 'gzip, deflate',
  'accept' => 'text/html,application/xhtml+xml,application/xml;q=0.9,image/webp,image/apng,*/*;q=0.8,application/signed-exchange;v=b3',
  'user-agent' => 'Mozilla/5.0 (Windows NT 10.0; Win64; x64) AppleWebKit/537.36 (KHTML, like Gecko) Chrome/73.0.3683.75 Safari/537.36',
  'upgrade-insecure-requests' => '1',
  'connection' => 'close',
  'host' => 'www.tpdachuang.com',
)
[ info ] [ PARAM ] array (
)
[ info ] [ VIEW ] F:\PHPTutorial\WWW\tpdachuang\application\index\view\index\index.html [ array (
) ]
---------------------------------------------------------------
[2019-05-02T17:59:38+08:00] ::1 GET www.tpdachuang.com/index.php/index/index/index
[运行时间：0.082694s] [吞吐率：12.09req/s] [内存消耗：1,353.49kb] [文件加载：62]
[ info ] [ LANG ] F:\PHPTutorial\WWW\tpdachuang\thinkphp\lang\zh-cn.php
[ info ] [ ROUTE ] array (
)
[ info ] [ HEADER ] array (
  'cookie' => 'thinkphp_show_page_trace=0|0; thinkphp_show_page_trace=0|0; pgv_pvi=7170657280; thinkphp_show_page_trace=0|0',
  'accept-language' => 'zh-CN,zh;q=0.9',
  'accept-encoding' => 'gzip, deflate',
  'accept' => 'text/html,application/xhtml+xml,application/xml;q=0.9,image/webp,image/apng,*/*;q=0.8,application/signed-exchange;v=b3',
  'user-agent' => 'Mozilla/5.0 (Windows NT 10.0; Win64; x64) AppleWebKit/537.36 (KHTML, like Gecko) Chrome/73.0.3683.75 Safari/537.36',
  'upgrade-insecure-requests' => '1',
  'connection' => 'close',
  'host' => 'www.tpdachuang.com',
)
[ info ] [ PARAM ] array (
)
[ info ] [ VIEW ] F:\PHPTutorial\WWW\tpdachuang\application\index\view\index\index.html [ array (
) ]
---------------------------------------------------------------
[2019-05-02T17:59:51+08:00] ::1 GET www.tpdachuang.com/index.php/index/index/index
[运行时间：0.077144s] [吞吐率：12.96req/s] [内存消耗：1,483.59kb] [文件加载：64]
[ info ] [ LANG ] F:\PHPTutorial\WWW\tpdachuang\thinkphp\lang\zh-cn.php
[ info ] [ ROUTE ] array (
)
[ info ] [ HEADER ] array (
  'cookie' => 'thinkphp_show_page_trace=0|0; thinkphp_show_page_trace=0|0; pgv_pvi=7170657280; thinkphp_show_page_trace=0|0',
  'accept-language' => 'zh-CN,zh;q=0.9',
  'accept-encoding' => 'gzip, deflate',
  'accept' => 'text/html,application/xhtml+xml,application/xml;q=0.9,image/webp,image/apng,*/*;q=0.8,application/signed-exchange;v=b3',
  'user-agent' => 'Mozilla/5.0 (Windows NT 10.0; Win64; x64) AppleWebKit/537.36 (KHTML, like Gecko) Chrome/73.0.3683.75 Safari/537.36',
  'upgrade-insecure-requests' => '1',
  'cache-control' => 'max-age=0',
  'connection' => 'close',
  'host' => 'www.tpdachuang.com',
)
[ info ] [ PARAM ] array (
)
[ info ] [ VIEW ] F:\PHPTutorial\WWW\tpdachuang\application\index\view\index\index.html [ array (
) ]
---------------------------------------------------------------
[2019-05-02T18:00:46+08:00] ::1 GET www.tpdachuang.com/index.php/index/index/index
[运行时间：0.090494s] [吞吐率：11.05req/s] [内存消耗：1,483.59kb] [文件加载：64]
[ info ] [ LANG ] F:\PHPTutorial\WWW\tpdachuang\thinkphp\lang\zh-cn.php
[ info ] [ ROUTE ] array (
)
[ info ] [ HEADER ] array (
  'cookie' => 'thinkphp_show_page_trace=0|0; thinkphp_show_page_trace=0|0; pgv_pvi=7170657280; thinkphp_show_page_trace=0|0',
  'accept-language' => 'zh-CN,zh;q=0.9',
  'accept-encoding' => 'gzip, deflate',
  'accept' => 'text/html,application/xhtml+xml,application/xml;q=0.9,image/webp,image/apng,*/*;q=0.8,application/signed-exchange;v=b3',
  'user-agent' => 'Mozilla/5.0 (Windows NT 10.0; Win64; x64) AppleWebKit/537.36 (KHTML, like Gecko) Chrome/73.0.3683.75 Safari/537.36',
  'upgrade-insecure-requests' => '1',
  'cache-control' => 'max-age=0',
  'connection' => 'close',
  'host' => 'www.tpdachuang.com',
)
[ info ] [ PARAM ] array (
)
[ info ] [ VIEW ] F:\PHPTutorial\WWW\tpdachuang\application\index\view\index\index.html [ array (
) ]
---------------------------------------------------------------
[2019-05-02T18:01:11+08:00] ::1 GET www.tpdachuang.com/index.php/index/index/index
[运行时间：0.100898s] [吞吐率：9.91req/s] [内存消耗：1,483.59kb] [文件加载：64]
[ info ] [ LANG ] F:\PHPTutorial\WWW\tpdachuang\thinkphp\lang\zh-cn.php
[ info ] [ ROUTE ] array (
)
[ info ] [ HEADER ] array (
  'cookie' => 'thinkphp_show_page_trace=0|0; thinkphp_show_page_trace=0|0; pgv_pvi=7170657280; thinkphp_show_page_trace=0|0',
  'accept-language' => 'zh-CN,zh;q=0.9',
  'accept-encoding' => 'gzip, deflate',
  'accept' => 'text/html,application/xhtml+xml,application/xml;q=0.9,image/webp,image/apng,*/*;q=0.8,application/signed-exchange;v=b3',
  'user-agent' => 'Mozilla/5.0 (Windows NT 10.0; Win64; x64) AppleWebKit/537.36 (KHTML, like Gecko) Chrome/73.0.3683.75 Safari/537.36',
  'upgrade-insecure-requests' => '1',
  'cache-control' => 'max-age=0',
  'connection' => 'close',
  'host' => 'www.tpdachuang.com',
)
[ info ] [ PARAM ] array (
)
[ info ] [ VIEW ] F:\PHPTutorial\WWW\tpdachuang\application\index\view\index\index.html [ array (
) ]
---------------------------------------------------------------
[2019-05-02T18:02:18+08:00] ::1 GET www.tpdachuang.com/index.php/index/index/index
[运行时间：0.123109s] [吞吐率：8.12req/s] [内存消耗：1,484.05kb] [文件加载：64]
[ info ] [ LANG ] F:\PHPTutorial\WWW\tpdachuang\thinkphp\lang\zh-cn.php
[ info ] [ ROUTE ] array (
)
[ info ] [ HEADER ] array (
  'cookie' => 'thinkphp_show_page_trace=0|0; thinkphp_show_page_trace=0|0; pgv_pvi=7170657280; thinkphp_show_page_trace=0|0',
  'accept-language' => 'zh-CN,zh;q=0.9',
  'accept-encoding' => 'gzip, deflate',
  'accept' => 'text/html,application/xhtml+xml,application/xml;q=0.9,image/webp,image/apng,*/*;q=0.8,application/signed-exchange;v=b3',
  'user-agent' => 'Mozilla/5.0 (Windows NT 10.0; Win64; x64) AppleWebKit/537.36 (KHTML, like Gecko) Chrome/73.0.3683.75 Safari/537.36',
  'upgrade-insecure-requests' => '1',
  'cache-control' => 'max-age=0',
  'connection' => 'close',
  'host' => 'www.tpdachuang.com',
)
[ info ] [ PARAM ] array (
)
[ info ] [ VIEW ] F:\PHPTutorial\WWW\tpdachuang\application\index\view\index\index.html [ array (
) ]
---------------------------------------------------------------
[2019-05-02T18:03:48+08:00] ::1 GET www.tpdachuang.com/index.php/index/index/index
[运行时间：0.111335s] [吞吐率：8.98req/s] [内存消耗：1,357.83kb] [文件加载：62]
[ info ] [ LANG ] F:\PHPTutorial\WWW\tpdachuang\thinkphp\lang\zh-cn.php
[ info ] [ ROUTE ] array (
)
[ info ] [ HEADER ] array (
  'cookie' => 'thinkphp_show_page_trace=0|0; thinkphp_show_page_trace=0|0; pgv_pvi=7170657280; thinkphp_show_page_trace=0|0',
  'accept-language' => 'zh-CN,zh;q=0.9',
  'accept-encoding' => 'gzip, deflate',
  'accept' => 'text/html,application/xhtml+xml,application/xml;q=0.9,image/webp,image/apng,*/*;q=0.8,application/signed-exchange;v=b3',
  'user-agent' => 'Mozilla/5.0 (Windows NT 10.0; Win64; x64) AppleWebKit/537.36 (KHTML, like Gecko) Chrome/73.0.3683.75 Safari/537.36',
  'upgrade-insecure-requests' => '1',
  'cache-control' => 'max-age=0',
  'connection' => 'close',
  'host' => 'www.tpdachuang.com',
)
[ info ] [ PARAM ] array (
)
[ info ] [ VIEW ] F:\PHPTutorial\WWW\tpdachuang\application\index\view\index\index.html [ array (
) ]
---------------------------------------------------------------
[2019-05-02T18:03:49+08:00] ::1 GET www.tpdachuang.com/index.php/index/index/index
[运行时间：0.092647s] [吞吐率：10.79req/s] [内存消耗：1,357.83kb] [文件加载：62]
[ info ] [ LANG ] F:\PHPTutorial\WWW\tpdachuang\thinkphp\lang\zh-cn.php
[ info ] [ ROUTE ] array (
)
[ info ] [ HEADER ] array (
  'cookie' => 'thinkphp_show_page_trace=0|0; thinkphp_show_page_trace=0|0; pgv_pvi=7170657280; thinkphp_show_page_trace=0|0',
  'accept-language' => 'zh-CN,zh;q=0.9',
  'accept-encoding' => 'gzip, deflate',
  'accept' => 'text/html,application/xhtml+xml,application/xml;q=0.9,image/webp,image/apng,*/*;q=0.8,application/signed-exchange;v=b3',
  'user-agent' => 'Mozilla/5.0 (Windows NT 10.0; Win64; x64) AppleWebKit/537.36 (KHTML, like Gecko) Chrome/73.0.3683.75 Safari/537.36',
  'upgrade-insecure-requests' => '1',
  'cache-control' => 'max-age=0',
  'connection' => 'close',
  'host' => 'www.tpdachuang.com',
)
[ info ] [ PARAM ] array (
)
[ info ] [ VIEW ] F:\PHPTutorial\WWW\tpdachuang\application\index\view\index\index.html [ array (
) ]
---------------------------------------------------------------
[2019-05-02T18:03:52+08:00] ::1 GET www.tpdachuang.com/index.php/index/index/index?
[运行时间：0.080281s] [吞吐率：12.46req/s] [内存消耗：1,357.99kb] [文件加载：62]
[ info ] [ LANG ] F:\PHPTutorial\WWW\tpdachuang\thinkphp\lang\zh-cn.php
[ info ] [ ROUTE ] array (
)
[ info ] [ HEADER ] array (
  'cookie' => 'thinkphp_show_page_trace=0|0; thinkphp_show_page_trace=0|0; pgv_pvi=7170657280; thinkphp_show_page_trace=0|0',
  'accept-language' => 'zh-CN,zh;q=0.9',
  'accept-encoding' => 'gzip, deflate',
  'referer' => 'http://www.tpdachuang.com/index.php/index/index/index',
  'accept' => 'text/html,application/xhtml+xml,application/xml;q=0.9,image/webp,image/apng,*/*;q=0.8,application/signed-exchange;v=b3',
  'user-agent' => 'Mozilla/5.0 (Windows NT 10.0; Win64; x64) AppleWebKit/537.36 (KHTML, like Gecko) Chrome/73.0.3683.75 Safari/537.36',
  'upgrade-insecure-requests' => '1',
  'connection' => 'close',
  'host' => 'www.tpdachuang.com',
)
[ info ] [ PARAM ] array (
)
[ info ] [ VIEW ] F:\PHPTutorial\WWW\tpdachuang\application\index\view\index\index.html [ array (
) ]
---------------------------------------------------------------
[2019-05-02T18:07:17+08:00] ::1 GET www.tpdachuang.com/index.php/index/index/index?
[运行时间：0.093857s] [吞吐率：10.65req/s] [内存消耗：1,484.27kb] [文件加载：64]
[ info ] [ LANG ] F:\PHPTutorial\WWW\tpdachuang\thinkphp\lang\zh-cn.php
[ info ] [ ROUTE ] array (
)
[ info ] [ HEADER ] array (
  'cookie' => 'thinkphp_show_page_trace=0|0; thinkphp_show_page_trace=0|0; pgv_pvi=7170657280; thinkphp_show_page_trace=0|0',
  'accept-language' => 'zh-CN,zh;q=0.9',
  'accept-encoding' => 'gzip, deflate',
  'referer' => 'http://www.tpdachuang.com/index.php/index/index/index',
  'accept' => 'text/html,application/xhtml+xml,application/xml;q=0.9,image/webp,image/apng,*/*;q=0.8,application/signed-exchange;v=b3',
  'user-agent' => 'Mozilla/5.0 (Windows NT 10.0; Win64; x64) AppleWebKit/537.36 (KHTML, like Gecko) Chrome/73.0.3683.75 Safari/537.36',
  'upgrade-insecure-requests' => '1',
  'cache-control' => 'max-age=0',
  'connection' => 'close',
  'host' => 'www.tpdachuang.com',
)
[ info ] [ PARAM ] array (
)
[ info ] [ VIEW ] F:\PHPTutorial\WWW\tpdachuang\application\index\view\index\index.html [ array (
) ]
---------------------------------------------------------------
[2019-05-02T18:09:22+08:00] ::1 GET www.tpdachuang.com/index.php/index/index/index?
[运行时间：0.080957s] [吞吐率：12.35req/s] [内存消耗：1,484.27kb] [文件加载：64]
[ info ] [ LANG ] F:\PHPTutorial\WWW\tpdachuang\thinkphp\lang\zh-cn.php
[ info ] [ ROUTE ] array (
)
[ info ] [ HEADER ] array (
  'cookie' => 'thinkphp_show_page_trace=0|0; thinkphp_show_page_trace=0|0; pgv_pvi=7170657280; thinkphp_show_page_trace=0|0',
  'accept-language' => 'zh-CN,zh;q=0.9',
  'accept-encoding' => 'gzip, deflate',
  'referer' => 'http://www.tpdachuang.com/index.php/index/index/index',
  'accept' => 'text/html,application/xhtml+xml,application/xml;q=0.9,image/webp,image/apng,*/*;q=0.8,application/signed-exchange;v=b3',
  'user-agent' => 'Mozilla/5.0 (Windows NT 10.0; Win64; x64) AppleWebKit/537.36 (KHTML, like Gecko) Chrome/73.0.3683.75 Safari/537.36',
  'upgrade-insecure-requests' => '1',
  'cache-control' => 'max-age=0',
  'connection' => 'close',
  'host' => 'www.tpdachuang.com',
)
[ info ] [ PARAM ] array (
)
[ info ] [ VIEW ] F:\PHPTutorial\WWW\tpdachuang\application\index\view\index\index.html [ array (
) ]
---------------------------------------------------------------
[2019-05-02T18:09:34+08:00] ::1 GET www.tpdachuang.com/index.php/index/index/index?
[运行时间：0.086824s] [吞吐率：11.52req/s] [内存消耗：1,484.27kb] [文件加载：64]
[ info ] [ LANG ] F:\PHPTutorial\WWW\tpdachuang\thinkphp\lang\zh-cn.php
[ info ] [ ROUTE ] array (
)
[ info ] [ HEADER ] array (
  'cookie' => 'thinkphp_show_page_trace=0|0; thinkphp_show_page_trace=0|0; pgv_pvi=7170657280; thinkphp_show_page_trace=0|0',
  'accept-language' => 'zh-CN,zh;q=0.9',
  'accept-encoding' => 'gzip, deflate',
  'referer' => 'http://www.tpdachuang.com/index.php/index/index/index',
  'accept' => 'text/html,application/xhtml+xml,application/xml;q=0.9,image/webp,image/apng,*/*;q=0.8,application/signed-exchange;v=b3',
  'user-agent' => 'Mozilla/5.0 (Windows NT 10.0; Win64; x64) AppleWebKit/537.36 (KHTML, like Gecko) Chrome/73.0.3683.75 Safari/537.36',
  'upgrade-insecure-requests' => '1',
  'cache-control' => 'max-age=0',
  'connection' => 'close',
  'host' => 'www.tpdachuang.com',
)
[ info ] [ PARAM ] array (
)
[ info ] [ VIEW ] F:\PHPTutorial\WWW\tpdachuang\application\index\view\index\index.html [ array (
) ]
---------------------------------------------------------------
[2019-05-02T18:10:16+08:00] ::1 GET www.tpdachuang.com/index.php/index/index/index?
[运行时间：0.081547s] [吞吐率：12.26req/s] [内存消耗：1,484.27kb] [文件加载：64]
[ info ] [ LANG ] F:\PHPTutorial\WWW\tpdachuang\thinkphp\lang\zh-cn.php
[ info ] [ ROUTE ] array (
)
[ info ] [ HEADER ] array (
  'cookie' => 'thinkphp_show_page_trace=0|0; thinkphp_show_page_trace=0|0; pgv_pvi=7170657280; thinkphp_show_page_trace=0|0',
  'accept-language' => 'zh-CN,zh;q=0.9',
  'accept-encoding' => 'gzip, deflate',
  'referer' => 'http://www.tpdachuang.com/index.php/index/index/index',
  'accept' => 'text/html,application/xhtml+xml,application/xml;q=0.9,image/webp,image/apng,*/*;q=0.8,application/signed-exchange;v=b3',
  'user-agent' => 'Mozilla/5.0 (Windows NT 10.0; Win64; x64) AppleWebKit/537.36 (KHTML, like Gecko) Chrome/73.0.3683.75 Safari/537.36',
  'upgrade-insecure-requests' => '1',
  'cache-control' => 'max-age=0',
  'connection' => 'close',
  'host' => 'www.tpdachuang.com',
)
[ info ] [ PARAM ] array (
)
[ info ] [ VIEW ] F:\PHPTutorial\WWW\tpdachuang\application\index\view\index\index.html [ array (
) ]
---------------------------------------------------------------
[2019-05-02T18:10:17+08:00] ::1 GET www.tpdachuang.com/index.php/index/index/index?
[运行时间：0.070854s] [吞吐率：14.11req/s] [内存消耗：1,358.05kb] [文件加载：62]
[ info ] [ LANG ] F:\PHPTutorial\WWW\tpdachuang\thinkphp\lang\zh-cn.php
[ info ] [ ROUTE ] array (
)
[ info ] [ HEADER ] array (
  'cookie' => 'thinkphp_show_page_trace=0|0; thinkphp_show_page_trace=0|0; pgv_pvi=7170657280; thinkphp_show_page_trace=0|0',
  'accept-language' => 'zh-CN,zh;q=0.9',
  'accept-encoding' => 'gzip, deflate',
  'referer' => 'http://www.tpdachuang.com/index.php/index/index/index',
  'accept' => 'text/html,application/xhtml+xml,application/xml;q=0.9,image/webp,image/apng,*/*;q=0.8,application/signed-exchange;v=b3',
  'user-agent' => 'Mozilla/5.0 (Windows NT 10.0; Win64; x64) AppleWebKit/537.36 (KHTML, like Gecko) Chrome/73.0.3683.75 Safari/537.36',
  'upgrade-insecure-requests' => '1',
  'cache-control' => 'max-age=0',
  'connection' => 'close',
  'host' => 'www.tpdachuang.com',
)
[ info ] [ PARAM ] array (
)
[ info ] [ VIEW ] F:\PHPTutorial\WWW\tpdachuang\application\index\view\index\index.html [ array (
) ]
---------------------------------------------------------------
[2019-05-02T18:11:55+08:00] ::1 GET www.tpdachuang.com/index.php/index/index/index?
[运行时间：0.073781s] [吞吐率：13.55req/s] [内存消耗：1,483.82kb] [文件加载：64]
[ info ] [ LANG ] F:\PHPTutorial\WWW\tpdachuang\thinkphp\lang\zh-cn.php
[ info ] [ ROUTE ] array (
)
[ info ] [ HEADER ] array (
  'cookie' => 'thinkphp_show_page_trace=0|0; thinkphp_show_page_trace=0|0; pgv_pvi=7170657280; thinkphp_show_page_trace=0|0',
  'accept-language' => 'zh-CN,zh;q=0.9',
  'accept-encoding' => 'gzip, deflate',
  'referer' => 'http://www.tpdachuang.com/index.php/index/index/index',
  'accept' => 'text/html,application/xhtml+xml,application/xml;q=0.9,image/webp,image/apng,*/*;q=0.8,application/signed-exchange;v=b3',
  'user-agent' => 'Mozilla/5.0 (Windows NT 10.0; Win64; x64) AppleWebKit/537.36 (KHTML, like Gecko) Chrome/73.0.3683.75 Safari/537.36',
  'upgrade-insecure-requests' => '1',
  'cache-control' => 'max-age=0',
  'connection' => 'close',
  'host' => 'www.tpdachuang.com',
)
[ info ] [ PARAM ] array (
)
[ info ] [ VIEW ] F:\PHPTutorial\WWW\tpdachuang\application\index\view\index\index.html [ array (
) ]
---------------------------------------------------------------
[2019-05-02T18:15:21+08:00] ::1 GET www.tpdachuang.com/index.php/index/index/index?
[运行时间：0.080860s] [吞吐率：12.37req/s] [内存消耗：1,475.82kb] [文件加载：64]
[ info ] [ LANG ] F:\PHPTutorial\WWW\tpdachuang\thinkphp\lang\zh-cn.php
[ info ] [ ROUTE ] array (
)
[ info ] [ HEADER ] array (
  'cookie' => 'thinkphp_show_page_trace=0|0; thinkphp_show_page_trace=0|0; pgv_pvi=7170657280; thinkphp_show_page_trace=0|0',
  'accept-language' => 'zh-CN,zh;q=0.9',
  'accept-encoding' => 'gzip, deflate',
  'referer' => 'http://www.tpdachuang.com/index.php/index/index/index',
  'accept' => 'text/html,application/xhtml+xml,application/xml;q=0.9,image/webp,image/apng,*/*;q=0.8,application/signed-exchange;v=b3',
  'user-agent' => 'Mozilla/5.0 (Windows NT 10.0; Win64; x64) AppleWebKit/537.36 (KHTML, like Gecko) Chrome/73.0.3683.75 Safari/537.36',
  'upgrade-insecure-requests' => '1',
  'cache-control' => 'max-age=0',
  'connection' => 'close',
  'host' => 'www.tpdachuang.com',
)
[ info ] [ PARAM ] array (
)
[ info ] [ VIEW ] F:\PHPTutorial\WWW\tpdachuang\application\index\view\index\index.html [ array (
) ]
